"../../../LifeOfMercenary/Content/Characters/Monster/Wolf/Meshes/FANTASY_WOLF_Skeleton.uasset" 0
"../../../LifeOfMercenary/Content/Characters/Monster/Wolf/Animations/FANTASY_WOLF_idleAggressive.uasset" 1
"../../../LifeOfMercenary/Content/Characters/Monster/Wolf/Animations/FANTASY_WOLF_idleLookAround.uasset" 2
"../../../Engine/Content/Functions/Engine_MaterialFunctions01/Opacity/CameraDepthFade.uasset" 3
"../../../Engine/Content/EngineMaterials/T_Default_Material_Grid_M.uasset" 4
"../../../Engine/Content/EngineMaterials/T_Default_Material_Grid_N.uasset" 5
"../../../Engine/Content/EngineMaterials/WorldGridMaterial.uasset" 6
"../../../Engine/Content/ArtTools/RenderToTexture/Meshes/S_1_Unit_Plane.uasset" 7
"../../../Engine/Content/EngineMaterials/DefaultMaterial.uasset" 8
"../../../Engine/Content/BasicShapes/Cone.uasset" 9
"../../../Engine/Content/BasicShapes/Cylinder.uasset" 10
"../../../Engine/Content/BasicShapes/Plane.uasset" 11
"../../../Engine/Content/BasicShapes/Sphere.uasset" 12
"../../../Engine/Content/EngineMaterials/DefaultPhysicalMaterial.uasset" 13
"../../../Engine/Content/BufferVisualization/AmbientOcclusion.uasset" 14
"../../../Engine/Content/BufferVisualization/BaseColor.uasset" 15
"../../../Engine/Content/BufferVisualization/CustomDepth.uasset" 16
"../../../Engine/Content/Functions/Engine_MaterialFunctions02/Utility/VectorLength.uasset" 17
"../../../Engine/Content/BufferVisualization/CustomDepthWorldUnits.uasset" 18
"../../../Engine/Content/Functions/Engine_MaterialFunctions02/Utility/BreakOutFloat2Components.uasset" 19
"../../../Engine/Content/Functions/Engine_MaterialFunctions01/Texturing/ScaleUVsByCenter.uasset" 20
"../../../Engine/Content/Functions/Engine_MaterialFunctions02/ScreenResolution.uasset" 21
"../../../Engine/Content/Functions/Engine_MaterialFunctions02/Texturing/ScreenAlignedUVs.uasset" 22
"../../../Engine/Content/Functions/Engine_MaterialFunctions02/Utility/MakeFloat2.uasset" 23
"../../../Engine/Content/Functions/Engine_MaterialFunctions02/Utility/MakeFloat3.uasset" 24
"../../../Engine/Content/EngineMaterials/MiniFont.uasset" 25
"../../../Engine/Content/BufferVisualization/CustomStencil.uasset" 26
"../../../Engine/Content/BufferVisualization/FinalImage.uasset" 27
"../../../Engine/Content/BufferVisualization/LightingModel.uasset" 28
"../../../Engine/Content/BufferVisualization/MaterialAO.uasset" 29
"../../../Engine/Content/BufferVisualization/Metallic.uasset" 30
"../../../Engine/Content/BufferVisualization/Opacity.uasset" 31
"../../../Engine/Content/BufferVisualization/PostTonemapHDRColor.uasset" 32
"../../../Engine/Content/BufferVisualization/PreTonemapHDRColor.uasset" 33
"../../../Engine/Content/BufferVisualization/Roughness.uasset" 34
"../../../Engine/Content/BufferVisualization/SceneColor.uasset" 35
"../../../Engine/Content/BufferVisualization/SceneDepth.uasset" 36
"../../../Engine/Content/BufferVisualization/SceneDepthWorldUnits.uasset" 37
"../../../Engine/Content/BufferVisualization/SeparateTranslucencyA.uasset" 38
"../../../Engine/Content/BufferVisualization/SeparateTranslucencyRGB.uasset" 39
"../../../Engine/Content/BufferVisualization/Specular.uasset" 40
"../../../Engine/Content/BufferVisualization/SubsurfaceColor.uasset" 41
"../../../Engine/Content/BufferVisualization/WorldNormal.uasset" 42
"../../../Engine/Content/EditorBlueprintResources/ActorMacros.uasset" 43
"../../../Engine/Content/EditorLandscapeResources/DataLayer.uasset" 44
"../../../Engine/Content/EditorLandscapeResources/DefaultAlphaTexture.uasset" 45
"../../../Engine/Content/EditorLandscapeResources/LandscapeGizmoHeight_Mat.uasset" 46
"../../../Engine/Content/EditorLandscapeResources/LandscapeGizmo_Mat.uasset" 47
"../../../Engine/Content/EditorLandscapeResources/LandscapeGizmo_Mat_Copied.uasset" 48
"../../../Engine/Content/EditorLandscapeResources/SplineEditorMeshMat.uasset" 49
"../../../Engine/Content/EditorLandscapeResources/SplineEditorMesh.uasset" 50
"../../../Engine/Content/EditorMaterials/Cross.uasset" 51
"../../../Engine/Content/EditorMaterials/Cross_Mat.uasset" 52
"../../../Engine/Content/EditorMaterials/GizmoMaterial.uasset" 53
"../../../Engine/Content/Functions/Engine_MaterialFunctions02/Utility/Sign.uasset" 54
"../../../Engine/Content/Functions/Engine_MaterialFunctions02/Utility/Round.uasset" 55
"../../../Engine/Content/Functions/Engine_MaterialFunctions02/ExampleContent/Textures/flipbook.uasset" 56
"../../../Engine/Content/Functions/Engine_MaterialFunctions02/Texturing/FlipBook.uasset" 57
"../../../Engine/Content/EditorResources/T_EditorHelp.uasset" 58
"../../../Engine/Content/EditorMaterials/HelpActorMaterial.uasset" 59
"../../../Engine/Content/EditorMaterials/CompositeARGBLayer.uasset" 60
"../../../Engine/Content/EditorMaterials/TilingAALineIntegral.uasset" 61
"../../../Engine/Content/EditorMaterials/TilingAALineBoxFiltered.uasset" 62
"../../../Engine/Content/Functions/Engine_MaterialFunctions03/Procedurals/ComputeFilterWidth.uasset" 63
"../../../Engine/Content/EditorMaterials/TilingAADots.uasset" 64
"../../../Engine/Content/EditorMaterials/Cascade/CASC_Cross.uasset" 65
"../../../Engine/Content/EditorMaterials/Cascade/CASC_None.uasset" 66
"../../../Engine/Content/Functions/Engine_MaterialFunctions03/Blends/Blend_Screen.uasset" 67
"../../../Engine/Content/EditorMaterials/TilingAAGrid.uasset" 68
"../../../Engine/Content/EditorMaterials/LevelGridMaterial.uasset" 69
"../../../Engine/Content/EditorMaterials/MakeCompositeARGBLayer.uasset" 70
"../../../Engine/Content/EditorResources/LevelGrid1DStripes.uasset" 71
"../../../Engine/Content/EditorMaterials/TextureGridCascaded1D.uasset" 72
"../../../Engine/Content/EditorMaterials/TextureGridCascaded2D.uasset" 73
"../../../Engine/Content/EditorMaterials/LevelGridMaterial2.uasset" 74
"../../../Engine/Content/EditorMaterials/MAT_Groups_Toggle.uasset" 75
"../../../Engine/Content/EditorMaterials/MAT_Groups_Visibility.uasset" 76
"../../../Engine/Content/EditorMaterials/AntialiasedGridFloor.uasset" 77
"../../../Engine/Content/EditorResources/TilePatine_D.uasset" 78
"../../../Engine/Content/EditorResources/TilePatine_N.uasset" 79
"../../../Engine/Content/EngineMaterials/Grid.uasset" 80
"../../../Engine/Content/EditorMaterials/PersonaFloorMat.uasset" 81
"../../../Engine/Content/EditorMaterials/PhAT_BoneSelectedMaterial.uasset" 82
"../../../Engine/Content/EditorMaterials/PhAT_ElemSelectedMaterial.uasset" 83
"../../../Engine/Content/EditorMaterials/PhAT_NoCollisionMaterial.uasset" 84
"../../../Engine/Content/EditorMaterials/PhAT_UnselectedMaterial.uasset" 85
"../../../Engine/Content/EditorMaterials/PreviewShadowIndicator.uasset" 86
"../../../Engine/Content/EditorMaterials/PreviewShadowIndicatorMaterial.uasset" 87
"../../../Engine/Content/EditorMaterials/TargetIcon.uasset" 88
"../../../Engine/Content/EditorMaterials/Tick.uasset" 89
"../../../Engine/Content/EditorMaterials/Tick_Mat.uasset" 90
"../../../Engine/Content/EditorMaterials/WidgetGridVertexColorMaterial.uasset" 91
"../../../Engine/Content/EditorMaterials/WidgetGridVertexColorMaterial_Ma.uasset" 92
"../../../Engine/Content/EditorMaterials/WidgetMaterial.uasset" 93
"../../../Engine/Content/EditorMaterials/WidgetMaterial_Current.uasset" 94
"../../../Engine/Content/EditorMaterials/WidgetMaterial_X.uasset" 95
"../../../Engine/Content/EditorMaterials/WidgetMaterial_Y.uasset" 96
"../../../Engine/Content/EditorMaterials/WidgetMaterial_Z.uasset" 97
"../../../Engine/Content/EditorMaterials/WidgetVertexColorMaterial.uasset" 98
"../../../Engine/Content/EditorMaterials/AssetViewer/EpicQuadPanorama_CC+EV1.uasset" 99
"../../../Engine/Content/MapTemplates/Sky/SunsetAmbientCubemap.uasset" 100
"../../../Engine/Content/EditorMaterials/AssetViewer/M_SkyBox.uasset" 101
"../../../Engine/Content/EditorMaterials/MatineeGroups/MAT_ColorTrack.uasset" 102
"../../../Engine/Content/EditorMaterials/MatineeGroups/MAT_Groups_Anim.uasset" 103
"../../../Engine/Content/EditorMaterials/MatineeGroups/MAT_Groups_AudioMaster.uasset" 104
"../../../Engine/Content/EditorMaterials/MatineeGroups/MAT_Groups_Director.uasset" 105
"../../../Engine/Content/EditorMaterials/MatineeGroups/MAT_Groups_Event.uasset" 106
"../../../Engine/Content/EditorMaterials/MatineeGroups/MAT_Groups_Fade.uasset" 107
"../../../Engine/Content/EditorMaterials/MatineeGroups/MAT_Groups_Float.uasset" 108
"../../../Engine/Content/EditorMaterials/MatineeGroups/MAT_Groups_Move.uasset" 109
"../../../Engine/Content/EditorMaterials/MatineeGroups/MAT_Groups_Slomo.uasset" 110
"../../../Engine/Content/EditorMaterials/MatineeGroups/MAT_Groups_Sound.uasset" 111
"../../../Engine/Content/EditorMaterials/MatineeGroups/MAT_Groups_Vector.uasset" 112
"../../../Engine/Content/EditorMaterials/ParticleSystems/PSysThumbnail_NoImage.uasset" 113
"../../../Engine/Content/EditorMaterials/ParticleSystems/PSysThumbnail_OOD.uasset" 114
"../../../Engine/Content/EditorMaterials/Thumbnails/FloorPlaneMaterial.uasset" 115
"../../../Engine/Content/EditorMeshes/EditorCylinder.uasset" 116
"../../../Engine/Content/EditorMeshes/EditorPlane.uasset" 117
"../../../Engine/Content/EditorMaterials/Thumbnails/SkySphereMaterial.uasset" 118
"../../../Engine/Content/EditorMeshes/EditorSkySphere.uasset" 119
"../../../Engine/Content/EditorMeshes/EditorSphere.uasset" 120
"../../../Engine/Content/EditorResources/MatineeCam_D.uasset" 121
"../../../Engine/Content/EditorMaterials/MatineeCam_mat.uasset" 122
"../../../Engine/Content/EditorMeshes/MatineeCam_SM.uasset" 123
"../../../Engine/Content/Functions/Engine_MaterialFunctions01/Shading/ConvertFromDiffSpec.uasset" 124
"../../../Engine/Content/EditorMaterials/GridMaterial.uasset" 125
"../../../Engine/Content/EditorMeshes/PhAT_FloorBox.uasset" 126
"../../../Engine/Content/EditorMeshes/AssetViewer/Floor_Mesh.uasset" 127
"../../../Engine/Content/EditorMeshes/AssetViewer/Sphere_inversenormals.uasset" 128
"../../../Engine/Content/EditorMaterials/Camera/CineMat.uasset" 129
"../../../Engine/Content/EditorMaterials/Camera/MI_CineMat_CameraBody.uasset" 130
"../../../Engine/Content/EngineDebugMaterials/M_SimpleOpaque.uasset" 131
"../../../Engine/Content/EditorMaterials/Camera/MI_CineMat_CamViewFinder.uasset" 132
"../../../Engine/Content/EditorMeshes/Camera/SM_CineCam.uasset" 133
"../../../Engine/Content/EditorMaterials/Camera/MI_CineMat_Rig.uasset" 134
"../../../Engine/Content/EditorMeshes/Camera/SM_CraneRig_Arm.uasset" 135
"../../../Engine/Content/EditorMeshes/Camera/SM_CraneRig_Base.uasset" 136
"../../../Engine/Content/EditorMeshes/Camera/SM_CraneRig_Body.uasset" 137
"../../../Engine/Content/EditorMeshes/Camera/SM_CraneRig_Mount.uasset" 138
"../../../Engine/Content/EditorMeshes/Camera/SM_RailRig_Mount.uasset" 139
"../../../Engine/Content/EditorMeshes/Camera/SM_RailRig_Track.uasset" 140
"../../../Engine/Content/EditorMeshes/ColorCalibrator/M_ChromeBall.uasset" 141
"../../../Engine/Content/EditorMeshes/ColorCalibrator/M_ClearCoat.uasset" 142
"../../../Engine/Content/EditorMeshes/ColorCalibrator/M_ClearCoatBlack.uasset" 143
"../../../Engine/Content/EditorMeshes/ColorCalibrator/T_ColorGrid.uasset" 144
"../../../Engine/Content/EditorMeshes/ColorCalibrator/M_ColorGrid.uasset" 145
"../../../Engine/Content/EditorMeshes/ColorCalibrator/M_GreyBall.uasset" 146
"../../../Engine/Content/EditorMeshes/ColorCalibrator/SM_ColorCalibrator.uasset" 147
"../../../Engine/Content/EditorResources/Bad.uasset" 148
"../../../Engine/Content/EditorResources/BSPVertex.uasset" 149
"../../../Engine/Content/EditorResources/EmptyActor.uasset" 150
"../../../Engine/Content/EditorResources/MatInstActSprite.uasset" 151
"../../../Engine/Content/EditorResources/SceneManager.uasset" 152
"../../../Engine/Content/EditorResources/SmallFont.uasset" 153
"../../../Engine/Content/EditorResources/S_Actor.uasset" 154
"../../../Engine/Content/EditorResources/S_DecalActorIcon.uasset" 155
"../../../Engine/Content/EditorResources/S_Emitter.uasset" 156
"../../../Engine/Content/EditorResources/S_ExpoHeightFog.uasset" 157
"../../../Engine/Content/EditorResources/S_FTest.uasset" 158
"../../../Engine/Content/EditorResources/S_KBSJoint.uasset" 159
"../../../Engine/Content/EditorResources/S_KHinge.uasset" 160
"../../../Engine/Content/EditorResources/S_KPrismatic.uasset" 161
"../../../Engine/Content/EditorResources/S_LevelSequence.uasset" 162
"../../../Engine/Content/EditorResources/S_NavP.uasset" 163
"../../../Engine/Content/EditorResources/S_Note.uasset" 164
"../../../Engine/Content/EditorResources/S_Player.uasset" 165
"../../../Engine/Content/EditorResources/S_PortalActorIcon2.uasset" 166
"../../../Engine/Content/EditorResources/S_RadForce.uasset" 167
"../../../Engine/Content/EditorResources/S_ReflActorIcon.uasset" 168
"../../../Engine/Content/EditorResources/S_Terrain.uasset" 169
"../../../Engine/Content/EditorResources/S_TextRenderActorIcon.uasset" 170
"../../../Engine/Content/EditorResources/S_Thruster.uasset" 171
"../../../Engine/Content/EditorResources/S_Trigger.uasset" 172
"../../../Engine/Content/EditorResources/S_VectorFieldVol.uasset" 173
"../../../Engine/Content/EditorResources/S_WindDirectional.uasset" 174
"../../../Engine/Content/EditorResources/AI/S_NavLink.uasset" 175
"../../../Engine/Content/EditorResources/LightIcons/SkyLight.uasset" 176
"../../../Engine/Content/EditorResources/LightIcons/S_LightDirectional.uasset" 177
"../../../Engine/Content/EditorResources/LightIcons/S_LightDirectionalMove.uasset" 178
"../../../Engine/Content/EditorResources/LightIcons/S_LightError.uasset" 179
"../../../Engine/Content/EditorResources/LightIcons/S_LightPoint.uasset" 180
"../../../Engine/Content/EditorResources/LightIcons/S_LightPointMove.uasset" 181
"../../../Engine/Content/EditorResources/LightIcons/S_LightSpot.uasset" 182
"../../../Engine/Content/EditorResources/LightIcons/S_LightSpotMove.uasset" 183
"../../../Engine/Content/EditorResources/SequenceRecorder/Countdown.uasset" 184
"../../../Engine/Content/EditorResources/SequenceRecorder/RecordingIndicator.uasset" 185
"../../../Engine/Content/EditorResources/Spline/T_Loft_Spline.uasset" 186
"../../../Engine/Content/EditorSounds/Notifications/CompileFailed.uasset" 187
"../../../Engine/Content/EditorSounds/Notifications/CompileFailed_Cue.uasset" 188
"../../../Engine/Content/EditorSounds/Notifications/CompileSuccess.uasset" 189
"../../../Engine/Content/EditorSounds/Notifications/CompileStart_Cue.uasset" 190
"../../../Engine/Content/EditorSounds/Notifications/CompileSuccess_Cue.uasset" 191
"../../../Engine/Content/EngineDamageTypes/DmgTypeBP_Environmental.uasset" 192
"../../../Engine/Content/EngineDebugMaterials/HeatmapGradient.uasset" 193
"../../../Engine/Content/EngineDebugMaterials/BoneWeightMaterial.uasset" 194
"../../../Engine/Content/EngineDebugMaterials/ClothMaterial.uasset" 195
"../../../Engine/Content/EngineDebugMaterials/ClothMaterial_WF.uasset" 196
"../../../Engine/Content/EngineDebugMaterials/DebugEditorMaterial.uasset" 197
"../../../Engine/Content/EngineDebugMaterials/DebugMeshMaterial.uasset" 198
"../../../Engine/Content/EngineDebugMaterials/GeomMaterial.uasset" 199
"../../../Engine/Content/EngineDebugMaterials/LevelColorationLitMaterial.uasset" 200
"../../../Engine/Content/EngineDebugMaterials/LevelColorationUnlitMaterial.uasset" 201
"../../../Engine/Content/EngineMaterials/DefaultWhiteGrid.uasset" 202
"../../../Engine/Content/EngineDebugMaterials/MAT_LevelColorationLitLightmapUV.uasset" 203
"../../../Engine/Content/EngineDebugMaterials/M_SimpleTranslucent.uasset" 204
"../../../Engine/Content/EngineDebugMaterials/ShadedLevelColorationLitMaterial.uasset" 205
"../../../Engine/Content/EngineDebugMaterials/ShadedLevelColorationUnlitMateri.uasset" 206
"../../../Engine/Content/EngineDebugMaterials/VertexColorMaterial.uasset" 207
"../../../Engine/Content/EngineDebugMaterials/VertexColorViewMode_AlphaAsColor.uasset" 208
"../../../Engine/Content/EngineDebugMaterials/VertexColorViewMode_BlueOnly.uasset" 209
"../../../Engine/Content/EngineDebugMaterials/VertexColorViewMode_ColorOnly.uasset" 210
"../../../Engine/Content/EngineDebugMaterials/VertexColorViewMode_GreenOnly.uasset" 211
"../../../Engine/Content/EngineDebugMaterials/VertexColorViewMode_RedOnly.uasset" 212
"../../../Engine/Content/EngineDebugMaterials/WireframeMaterial.uasset" 213
"../../../Engine/Content/EngineFonts/Faces/RobotoBold.uasset" 214
"../../../Engine/Content/EngineFonts/Faces/RobotoBoldItalic.uasset" 215
"../../../Engine/Content/EngineFonts/Faces/RobotoItalic.uasset" 216
"../../../Engine/Content/EngineFonts/Faces/RobotoLight.uasset" 217
"../../../Engine/Content/EngineFonts/Faces/RobotoRegular.uasset" 218
"../../../Engine/Content/EngineFonts/Roboto.uasset" 219
"../../../Engine/Content/EngineFonts/Faces/RobotoTiny.uasset" 220
"../../../Engine/Content/EngineFonts/RobotoTiny.uasset" 221
"../../../Engine/Content/EngineFonts/SmallFont.uasset" 222
"../../../Engine/Content/EngineFonts/TinyFont.uasset" 223
"../../../Engine/Content/EngineResources/WhiteSquareTexture.uasset" 224
"../../../Engine/Content/EngineMaterials/BlinkingCaret.uasset" 225
"../../../Engine/Content/EngineMaterials/DefaultBloomKernel.uasset" 226
"../../../Engine/Content/EngineMaterials/DefaultBokeh.uasset" 227
"../../../Engine/Content/EngineMaterials/DefaultDiffuse.uasset" 228
"../../../Engine/Content/EngineMaterials/DefaultDeferredDecalMaterial.uasset" 229
"../../../Engine/Content/EngineMaterials/DefaultLightFunctionMaterial.uasset" 230
"../../../Engine/Content/EngineMaterials/DefaultNormal.uasset" 231
"../../../Engine/Content/EngineMaterials/DefaultPostProcessMaterial.uasset" 232
"../../../Engine/Content/EngineFonts/RobotoDistanceField.uasset" 233
"../../../Engine/Content/EngineMaterials/DefaultTextMaterialOpaque.uasset" 234
"../../../Engine/Content/EngineMaterials/EditorBrushMaterial.uasset" 235
"../../../Engine/Content/EngineMaterials/Good64x64TilingNoiseHighFreq.uasset" 236
"../../../Engine/Content/EngineMaterials/Grid_N.uasset" 237
"../../../Engine/Content/EngineMaterials/HighResolutionScreenshotMaskFunction.uasset" 238
"../../../Engine/Content/EngineMaterials/HighResScreenshot.uasset" 239
"../../../Engine/Content/EngineMaterials/HighResScreenshotCaptureRegion.uasset" 240
"../../../Engine/Content/EngineMaterials/HighResScreenshotMask.uasset" 241
"../../../Engine/Content/EngineMaterials/LandscapeHolePhysicalMaterial.uasset" 242
"../../../Engine/Content/EngineMaterials/InvalidLightmapSettings.uasset" 243
"../../../Engine/Content/EngineMaterials/M_InvalidLightmapSettings.uasset" 244
"../../../Engine/Content/EngineMaterials/PaperDiffuse.uasset" 245
"../../../Engine/Content/EngineMaterials/PaperNormal.uasset" 246
"../../../Engine/Content/EngineMaterials/PhAT_JointLimitMaterial.uasset" 247
"../../../Engine/Content/EngineMaterials/PhysMat_Rubber.uasset" 248
"../../../Engine/Content/EngineMaterials/PreintegratedSkinBRDF.uasset" 249
"../../../Engine/Content/EngineMaterials/RemoveSurfaceMaterial.uasset" 250
"../../../Engine/Content/EngineMaterials/WeightMapPlaceholderTexture.uasset" 251
"../../../Engine/Content/EngineMaterials/Widget3DPassThrough.uasset" 252
"../../../Engine/Content/EngineMaterials/Widget3DPassThrough_Masked.uasset" 253
"../../../Engine/Content/EngineMaterials/Widget3DPassThrough_Opaque.uasset" 254
"../../../Engine/Content/EngineMaterials/Widget3DPassThrough_Masked_OneSided.uasset" 255
"../../../Engine/Content/EngineMaterials/Widget3DPassThrough_Opaque_OneSided.uasset" 256
"../../../Engine/Content/EngineMaterials/Widget3DPassThrough_Translucent.uasset" 257
"../../../Engine/Content/EngineMaterials/Widget3DPassThrough_Translucent_OneSided.uasset" 258
"../../../Engine/Content/EngineMeshes/Cube.uasset" 259
"../../../Engine/Content/EngineMeshes/Cylinder.uasset" 260
"../../../Engine/Content/EngineMeshes/Sphere.uasset" 261
"../../../Engine/Content/EngineResources/Black.uasset" 262
"../../../Engine/Content/EngineResources/DefaultTexture.uasset" 263
"../../../Engine/Content/EngineResources/DefaultTextureCube.uasset" 264
"../../../Engine/Content/EngineResources/GradientTexture0.uasset" 265
"../../../Engine/Content/EngineResources/StreamingPauseIcon.uasset" 266
"../../../Engine/Content/EngineResources/M_StreamingPause.uasset" 267
"../../../Engine/Content/EngineSounds/Master.uasset" 268
"../../../Engine/Content/Functions/Engine_MaterialFunctions01/Shading/PowerToRoughness.uasset" 269
"../../../Engine/Content/Maps/Templates/Thumbnails/Default.uasset" 270
"../../../Engine/Content/Maps/Templates/Thumbnails/VR-Basic.uasset" 271
"../../../Engine/Content/MapTemplates/Sky/DaylightAmbientCubemap.uasset" 272
"../../../Engine/Content/MobileResources/T_MobileControls_texture.uasset" 273
"../../../Engine/Content/MobileResources/T_MobileMenu2.uasset" 274
"../../../Engine/Content/MobileResources/HUD/AnalogHat.uasset" 275
"../../../Engine/Content/MobileResources/HUD/VirtualJoystick_Background.uasset" 276
"../../../Engine/Content/MobileResources/HUD/VirtualJoystick_Thumb.uasset" 277
"../../../Engine/Content/MobileResources/HUD/DefaultVirtualJoysticks.uasset" 278
"../../../Engine/Content/MobileResources/HUD/LeftVirtualJoystickOnly.uasset" 279
"../../../Engine/Content/MobileResources/HUD/MobileHUDButton1_off.uasset" 280
"../../../Engine/Content/MobileResources/HUD/MobileHUDButton1_on.uasset" 281
"../../../Engine/Content/MobileResources/HUD/MobileHUDButton2_off.uasset" 282
"../../../Engine/Content/MobileResources/HUD/MobileHUDButton2_on.uasset" 283
"../../../Engine/Content/MobileResources/HUD/MobileHUDButton3.uasset" 284
"../../../Engine/Content/MobileResources/HUD/MobileHUDButtonFire.uasset" 285
"../../../Engine/Content/MobileResources/HUD/MobileHUDDirectionPad.uasset" 286
"../../../Engine/Content/MobileResources/HUD/MobileHUDDirectionPad2.uasset" 287
"../../../Engine/Content/MobileResources/HUD/MobileHUDDirectionPad3.uasset" 288
"../../../Engine/Content/MobileResources/HUD/MobileHUDDirectionStick.uasset" 289
"../../../Engine/Content/MobileResources/HUD/T_Castle_ThumbstickInner.uasset" 290
"../../../Engine/Content/MobileResources/HUD/T_Castle_ThumbstickOutter.uasset" 291
"../../../Engine/Content/Tutorial/ContentIntroCurve.uasset" 292
"../../../Engine/Content/Tutorial/Basics/TutorialAssets/icon_tab_Levels_40x.uasset" 293
"../../../Engine/Content/Tutorial/BlueprintTutorials/TutorialAssets/BlueprintInterface_64x.uasset" 294
"../../../Engine/Content/Tutorial/BlueprintTutorials/TutorialAssets/BlueprintMacroLibrary_64x.uasset" 295
"../../../Engine/Content/Tutorial/BlueprintTutorials/TutorialAssets/Blueprint_64x.uasset" 296
"../../../Engine/Content/Tutorial/BlueprintTutorials/TutorialAssets/Tutorial_BP_Interface.uasset" 297
"../../../Engine/Content/Tutorial/Foliage/TutorialAssets/Foliage.uasset" 298
"../../../Engine/Content/Tutorial/Landscape/TutorialAssets/Landscape.uasset" 299
"../../../Engine/Content/Tutorial/Paper2D/TutorialAssets/Paper2DFlipbook_TutorialIcon.uasset" 300
"../../../Engine/Content/Tutorial/Paper2D/TutorialAssets/Paper2DSprite_TutorialIcon.uasset" 301
"../../../Engine/Content/Tutorial/SubEditors/TutorialAssets/icon_Editor_Preferences_General_40x.uasset" 302
"../../../Engine/Content/Tutorial/SubEditors/TutorialAssets/icon_ShowSkeletalMeshes_40x.uasset" 303
"../../../Engine/Content/Tutorial/SubEditors/TutorialAssets/TutorialMaterial.uasset" 304
"../../../Engine/Content/Tutorial/SubEditors/TutorialAssets/T_SmokeSubUV_8X8.uasset" 305
"../../../Engine/Content/Tutorial/SubEditors/TutorialAssets/T_soft_smoke.uasset" 306
"../../../Engine/Content/Tutorial/SubEditors/TutorialAssets/M_smoke_subUV_blackbody.uasset" 307
"../../../Engine/Content/Tutorial/SubEditors/TutorialAssets/TutorialParticleSystem.uasset" 308
"../../../Engine/Content/EditorMeshes/EditorCube.uasset" 309
"../../../Engine/Content/Tutorial/SubEditors/TutorialAssets/Tutorial_DM.uasset" 310
"../../../Engine/Content/VREditor/Devices/Generic/GenericHMDMaterial.uasset" 311
"../../../Engine/Content/VREditor/Devices/Generic/GenericHMD.uasset" 312
"../../../Engine/Content/VREditor/FloatingText/LineMaterial.uasset" 313
"../../../Engine/Content/VREditor/FloatingText/JointSphere.uasset" 314
"../../../Engine/Content/VREditor/FloatingText/LineSegmentCylinder.uasset" 315
"../../../Engine/Content/VREditor/Fonts/VRText_RobotoLarge.uasset" 316
"../../../Engine/Content/VREditor/Fonts/VRTextMaterial.uasset" 317
"../../../Engine/Content/VREditor/Fonts/TranslucentVRTextMaterial.uasset" 318
"../../../Engine/Content/VREditor/LaserPointer/CursorPointer.uasset" 319
"../../../Engine/Content/VREditor/LaserPointer/VR_LaserPower_01.uasset" 320
"../../../Engine/Content/VREditor/TransformGizmo/TransformGizmoMaterial.uasset" 321
"../../../Engine/Content/VREditor/LaserPointer/HoverMaterial.uasset" 322
"../../../Engine/Content/VREditor/TransformGizmo/TranslucentTransformGizmoMaterial.uasset" 323
"../../../Engine/Content/VREditor/LaserPointer/TranslucentHoverMaterial.uasset" 324
"../../../Engine/Content/VREditor/LaserPointer/HoverMesh.uasset" 325
"../../../Engine/Content/VREditor/LaserPointer/LaserPointerMaterial.uasset" 326
"../../../Engine/Content/VREditor/LaserPointer/LaserPointerMaterialInst.uasset" 327
"../../../Engine/Content/VREditor/LaserPointer/TranslucentLaserPointerMaterialInst.uasset" 328
"../../../Engine/Content/VREditor/LaserPointer/LaserPointerMesh.uasset" 329
"../../../Engine/Content/VREditor/LaserPointer/LaserPointerMesh_End.uasset" 330
"../../../Engine/Content/VREditor/LaserPointer/LaserPointerMesh_Start.uasset" 331
"../../../Engine/Content/Functions/Engine_MaterialFunctions02/Utility/BreakOutFloat3Components.uasset" 332
"../../../Engine/Content/Functions/Engine_MaterialFunctions02/Math/Transform3x3Matrix.uasset" 333
"../../../Engine/Content/Functions/Engine_MaterialFunctions02/SplitComponents.uasset" 334
"../../../Engine/Content/VREditor/SnapGrid/SnapGridMaterial.uasset" 335
"../../../Engine/Content/VREditor/SnapGrid/SnapGridPlaneMesh.uasset" 336
"../../../Engine/Content/VREditor/Sounds/VR_teleport.uasset" 337
"../../../Engine/Content/VREditor/Sounds/UI/Click_on_Button_Cue.uasset" 338
"../../../Engine/Content/VREditor/Sounds/UI/Dockable_Window_Close.uasset" 339
"../../../Engine/Content/VREditor/Sounds/UI/Dockable_Window_Drop.uasset" 340
"../../../Engine/Content/VREditor/Sounds/UI/Dockable_Window_Open.uasset" 341
"../../../Engine/Content/VREditor/Sounds/UI/Dockable_Window_Pick_Up.uasset" 342
"../../../Engine/Content/VREditor/Sounds/UI/Drop_Item_From_ContentBrowser.uasset" 343
"../../../Engine/Content/VREditor/Sounds/UI/Floating_UI_Open-001.uasset" 344
"../../../Engine/Content/VREditor/Sounds/UI/Gizmo_Handle_Clicked.uasset" 345
"../../../Engine/Content/VREditor/Sounds/UI/Object_PickUp.uasset" 346
"../../../Engine/Content/VREditor/Sounds/UI/Object_Snaps_To_Another_Actor.uasset" 347
"../../../Engine/Content/VREditor/Sounds/UI/Object_Snaps_To_Grid.uasset" 348
"../../../Engine/Content/VREditor/Sounds/UI/Radial_Menu_FadeOut.uasset" 349
"../../../Engine/Content/VREditor/Sounds/UI/Scaling_Down.uasset" 350
"../../../Engine/Content/VREditor/Sounds/UI/Scaling_Up.uasset" 351
"../../../Engine/Content/VREditor/Sounds/UI/Selection_Changes.uasset" 352
"../../../Engine/Content/VREditor/Sounds/UI/Teleport_Mode_Entered.uasset" 353
"../../../Engine/Content/VREditor/Teleport/TeleportDirectionMaterial.uasset" 354
"../../../Engine/Content/VREditor/Teleport/TeleportDirectionMaterial_Inst.uasset" 355
"../../../Engine/Content/VREditor/Teleport/TeleportDirectionMesh.uasset" 356
"../../../Engine/Content/VREditor/TransformGizmo/BoundingBoxCorner.uasset" 357
"../../../Engine/Content/VREditor/TransformGizmo/BoundingBoxEdge.uasset" 358
"../../../Engine/Content/VREditor/TransformGizmo/PlaneTranslationHandle.uasset" 359
"../../../Engine/Content/VREditor/TransformGizmo/RotationHandleFull.uasset" 360
"../../../Engine/Content/VREditor/TransformGizmo/RotationHandleIndicator.uasset" 361
"../../../Engine/Content/VREditor/TransformGizmo/RotationHandleQuarter.uasset" 362
"../../../Engine/Content/VREditor/TransformGizmo/Main.uasset" 363
"../../../Engine/Content/VREditor/TransformGizmo/Xray.uasset" 364
"../../../Engine/Content/VREditor/TransformGizmo/SM_Dialog_Close.uasset" 365
"../../../Engine/Content/VREditor/TransformGizmo/SM_Dialog_Move.uasset" 366
"../../../Engine/Content/VREditor/TransformGizmo/SM_Sequencer_Key.uasset" 367
"../../../Engine/Content/VREditor/TransformGizmo/StartRotationHandleIndicator.uasset" 368
"../../../Engine/Content/VREditor/TransformGizmo/TranslucentTransformGizmoMaterial_Inst.uasset" 369
"../../../Engine/Content/VREditor/TransformGizmo/TransformGizmoFreeRotation.uasset" 370
"../../../Engine/Content/VREditor/TransformGizmo/TransformGizmoMaterial_Inst.uasset" 371
"../../../Engine/Content/VREditor/TransformGizmo/TranslateArrowHandle.uasset" 372
"../../../Engine/Content/VREditor/TransformGizmo/UniformScaleHandle.uasset" 373
"../../../Engine/Content/VREditor/UI/KeyDiskMaterial.uasset" 374
"../../../Engine/Content/VREditor/UI/DiscMaterial.uasset" 375
"../../../Engine/Content/VREditor/UI/SM_Radial_Disk.uasset" 376
"../../../Engine/Content/Functions/Engine_MaterialFunctions01/Gradient/RadialGradient.uasset" 377
"../../../Engine/Content/VREditor/WorldMovementGrid/SimpleGrid.uasset" 378
"../../../Engine/Content/VREditor/WorldMovementGrid/GridMaterial.uasset" 379
"../../../Engine/Content/Functions/Engine_MaterialFunctions01/Density/ExponentialDensity.uasset" 380
"../../../Engine/Content/VREditor/WorldMovementGrid/GridPostProcess.uasset" 381
"../../../Engine/Content/EditorLandscapeResources/FlattenHeightMat.uasset" 382
"../../../Engine/Content/VREditor/WorldMovementGrid/PlaneMesh.uasset" 383
"../../../Engine/Content/EngineMeshes/Humanoid.uasset" 384
"../../../LifeOfMercenary/Content/Characters/Mercenary/Skeleton/SK_Mannequin_Mobile_Skeleton.uasset" 385
"../../../LifeOfMercenary/Content/Characters/Mercenary/Animation/Anim_LAttackStart.uasset" 386
"../../../LifeOfMercenary/Content/Characters/Mercenary/Animation/AM_LAttackStart.uasset" 387
"../../../LifeOfMercenary/Content/Characters/Mercenary/Animation/Anim_RAttackStart.uasset" 388
"../../../LifeOfMercenary/Content/Characters/Mercenary/Animation/AM_RAttackStart.uasset" 389
"../../../LifeOfMercenary/Content/Characters/Mercenary/Animation/Anim_Rolling.uasset" 390
"../../../LifeOfMercenary/Content/Characters/Mercenary/Animation/AM_Rolling.uasset" 391
"../../../Engine/Content/ArtTools/RenderToTexture/Enums/RenderToTexture_Enum.uasset" 392
"../../../Engine/Content/ArtTools/RenderToTexture/Enums/RenderToTexture_Flipbook_Enum.uasset" 393
"../../../Engine/Content/ArtTools/RenderToTexture/Enums/RenderToTexture_Imposter_Enum.uasset" 394
"../../../Engine/Content/EditorBlueprintResources/StandardMacros.uasset" 395
"../../../Engine/Content/ArtTools/RenderToTexture/Enums/EIntTypes.uasset" 396
"../../../Engine/Content/ArtTools/RenderToTexture/Macros/RenderToTextureFunctionLibrary.uasset" 397
"../../../Engine/Content/ArtTools/RenderToTexture/Enums/EFloatTypes.uasset" 398
"../../../Engine/Content/ArtTools/RenderToTexture/Macros/RenderToTextureMacros.uasset" 399
"../../../LifeOfMercenary/Content/DataTables/DT_ArmorEquipment.uasset" 400
"../../../LifeOfMercenary/Content/DataTables/DT_RQ.uasset" 401
"../../../LifeOfMercenary/Content/DataTables/DT_WeaponEquipment.uasset" 402
"../../../LifeOfMercenary/Content/UI/UI_3D_Paper.uasset" 403
"../../../LifeOfMercenary/Content/Blueprints/MainScene/BP_MainSceneCamera.uasset" 404
"../../../Engine/Content/BasicShapes/BasicShapeMaterial.uasset" 405
"../../../Engine/Content/BasicShapes/Cube.uasset" 406
"../../../LifeOfMercenary/Content/Blueprints/MainScene/BP_QuestBoard.uasset" 407
"../../../LifeOfMercenary/Content/UI/UI_Board.uasset" 408
"../../../LifeOfMercenary/Content/Blueprints/MainScene/BP_GambleExample.uasset" 409
"../../../LifeOfMercenary/Content/Resources/Item/Textures/Body/body_basecolor.uasset" 410
"../../../LifeOfMercenary/Content/Resources/Item/Textures/Body/body_normals.uasset" 411
"../../../LifeOfMercenary/Content/Resources/Item/Textures/Body/Knigbody_RoughnessMetallic.uasset" 412
"../../../LifeOfMercenary/Content/Resources/Item/Textures/Masks/body_mask.uasset" 413
"../../../LifeOfMercenary/Content/Characters/Mercenary/Materials/body_mat.uasset" 414
"../../../LifeOfMercenary/Content/Characters/Mercenary/SkeletalMeshes/SK_Bottoms.uasset" 415
"../../../LifeOfMercenary/Content/Characters/Mercenary/SkeletalMeshes/SK_Feet.uasset" 416
"../../../LifeOfMercenary/Content/Characters/Mercenary/SkeletalMeshes/SK_Hands.uasset" 417
"../../../LifeOfMercenary/Content/Characters/Mercenary/SkeletalMeshes/SK_Head.uasset" 418
"../../../LifeOfMercenary/Content/Characters/Mercenary/SkeletalMeshes/SK_Top.uasset" 419
"../../../LifeOfMercenary/Content/Characters/Mercenary/BP_MercenaryCharecter.uasset" 420
"../../../LifeOfMercenary/Content/UI/UI_GambleExample.uasset" 421
"../../../LifeOfMercenary/Content/UI/UI_Gamble.uasset" 422
"../../../LifeOfMercenary/Content/UI/UI_QuestPaper.uasset" 423
"../../../LifeOfMercenary/Content/UI/UI_ItemInformation.uasset" 424
"../../../LifeOfMercenary/Content/Resources/UI/Textures/T_NotSlotChoice.uasset" 425
"../../../LifeOfMercenary/Content/Resources/UI/Textures/T_SlotChoice.uasset" 426
"../../../LifeOfMercenary/Content/Resources/UI/Textures/T_EmptyArmor.uasset" 427
"../../../LifeOfMercenary/Content/UI/UI_InventorySlot.uasset" 428
"../../../LifeOfMercenary/Content/UI/UI_Inventory.uasset" 429
"../../../LifeOfMercenary/Content/Resources/UI/Textures/T_StoreCategory_All.uasset" 430
"../../../LifeOfMercenary/Content/Resources/UI/Textures/T_StoreCategory_Armor.uasset" 431
"../../../LifeOfMercenary/Content/Resources/UI/Textures/T_StoreCategory_Weapon.uasset" 432
"../../../LifeOfMercenary/Content/UI/UI_InventoryCategory.uasset" 433
"../../../LifeOfMercenary/Content/Resources/UI/Textures/T_StoreSwitch_Bar.uasset" 434
"../../../LifeOfMercenary/Content/Resources/UI/Textures/T_StoreSwitch_Button2.uasset" 435
"../../../LifeOfMercenary/Content/UI/UI_Switch.uasset" 436
"../../../LifeOfMercenary/Content/UI/UI_Store.uasset" 437
"../../../LifeOfMercenary/Content/UI/Battle/UI_MonsterHP.uasset" 438
"../../../Engine/Plugins/2D/Paper2D/Content/PlaceholderTextures/DummySpriteTexture.uasset" 439
"../../../Engine/Plugins/2D/Paper2D/Content/DummySprite.uasset" 440
"../../../Engine/Plugins/2D/Paper2D/Content/DefaultPaperTerrainMaterial.uasset" 441
"../../../Engine/Plugins/2D/Paper2D/Content/DefaultSpriteMaterial.uasset" 442
"../../../Engine/Plugins/2D/Paper2D/Content/MaskedUnlitSpriteMaterial.uasset" 443
"../../../Engine/Plugins/2D/Paper2D/Content/OpaqueUnlitSpriteMaterial.uasset" 444
"../../../Engine/Plugins/Runtime/Oculus/OculusVR/Content/Textures/GearVRController_AO.uasset" 445
"../../../Engine/Plugins/Runtime/Oculus/OculusVR/Content/Textures/GearVRController_Color.uasset" 446
"../../../Engine/Plugins/Runtime/Oculus/OculusVR/Content/Textures/GearVRController_Normal.uasset" 447
"../../../Engine/Plugins/Runtime/Oculus/OculusVR/Content/Materials/GearVRControllerMaterial.uasset" 448
"../../../Engine/Plugins/Runtime/Oculus/OculusVR/Content/Meshes/GearVrController.uasset" 449
"../../../Engine/Content/Maps/Entry.umap" 450
"../../../LifeOfMercenary/Content/Characters/Monster/Wolf/Animations/FANTASY_WOLF_idleBreathe.uasset" 451
"../../../LifeOfMercenary/Content/Characters/Monster/Wolf/Animations/Offset/Anim_Wolf_LookAtForward.uasset" 452
"../../../LifeOfMercenary/Content/Characters/Monster/Wolf/Animations/Offset/Anim_Wolf_LookAtLeft.uasset" 453
"../../../LifeOfMercenary/Content/Characters/Monster/Wolf/Animations/Offset/Anim_Wolf_LookAtRight.uasset" 454
"../../../LifeOfMercenary/Content/Characters/Monster/Wolf/Animations/Offset/AimOffset_Wolf_LookAt.uasset" 455
"../../../LifeOfMercenary/Content/Characters/Monster/Wolf/Animations/FANTASY_WOLF_getHitRight.uasset" 456
"../../../LifeOfMercenary/Content/Characters/Monster/Wolf/Animations/FANTASY_WOLF_jumpBite_RM.uasset" 457
"../../../LifeOfMercenary/Content/Characters/Monster/Wolf/Animations/FANTASY_WOLF_run.uasset" 458
"../../../LifeOfMercenary/Content/Characters/Monster/Wolf/Animations/FANTASY_WOLF_walk.uasset" 459
"../../../LifeOfMercenary/Content/Characters/Monster/Wolf/Animations/BS_Wolf_Idle_Run.uasset" 460
"../../../LifeOfMercenary/Content/Characters/Monster/Wolf/ABP_Wolf.uasset" 461
"../../../LifeOfMercenary/Content/Characters/Monster/Wolf/BB_DefultMonster.uasset" 462
"../../../LifeOfMercenary/Content/Characters/Monster/Wolf/BTDecorator_GoBackCheck.uasset" 463
"../../../LifeOfMercenary/Content/Characters/Monster/Wolf/BTDecorator_SphereInTarget.uasset" 464
"../../../LifeOfMercenary/Content/Characters/Monster/Wolf/BTDecorator_StateCheck.uasset" 465
"../../../LifeOfMercenary/Content/Characters/Monster/Wolf/BTService_MoveTargetChoice.uasset" 466
"../../../LifeOfMercenary/Content/Characters/Monster/Wolf/BTTask_MoveToTarget.uasset" 467
"../../../LifeOfMercenary/Content/Characters/Monster/Wolf/BTTask_SetState.uasset" 468
"../../../LifeOfMercenary/Content/Characters/Monster/Wolf/BT_Wolf.uasset" 469
"../../../LifeOfMercenary/Content/Characters/Monster/Wolf/AIC_Wolf.uasset" 470
"../../../LifeOfMercenary/Content/Characters/Monster/Wolf/Textures/T_FantasyWolf_BaseColor.uasset" 471
"../../../LifeOfMercenary/Content/Characters/Monster/Wolf/Textures/T_FantasyWolf_NRM_Yinv.uasset" 472
"../../../LifeOfMercenary/Content/Characters/Monster/Wolf/Textures/T_FantasyWolf_RoughnessSpecularMetallicAO.uasset" 473
"../../../LifeOfMercenary/Content/Characters/Monster/Wolf/Materials/M_FantasyWolf.uasset" 474
"../../../LifeOfMercenary/Content/Characters/Monster/Wolf/Meshes/FANTASY_WOLF_PhysicsAsset.uasset" 475
"../../../LifeOfMercenary/Content/Characters/Monster/Wolf/Meshes/SK_FANTASY_WOLF.uasset" 476
"../../../LifeOfMercenary/Content/Characters/Monster/Wolf/BP_Wolf.uasset" 477
"../../../Engine/Content/EngineSky/C_Sky_Cloud_Color.uasset" 478
"../../../Engine/Content/EngineSky/C_Sky_Horizon_Color.uasset" 479
"../../../Engine/Content/EngineSky/C_Sky_Zenith_Color.uasset" 480
"../../../Engine/Content/EngineSky/T_Sky_Blue.uasset" 481
"../../../Engine/Content/EngineSky/T_Sky_Clouds_M.uasset" 482
"../../../Engine/Content/EngineSky/T_Sky_Stars.uasset" 483
"../../../Engine/Content/EngineSky/M_Sky_Panning_Clouds2.uasset" 484
"../../../Engine/Content/EngineSky/SM_SkySphere.uasset" 485
"../../../Engine/Content/EngineSky/BP_Sky_Sphere.uasset" 486
"../../../LifeOfMercenary/Content/Characters/Mercenary/Animation/Anim_LAttackEnd.uasset" 487
"../../../LifeOfMercenary/Content/Characters/Mercenary/Animation/AM_LAttackEnd.uasset" 488
"../../../LifeOfMercenary/Content/Characters/Mercenary/Animation/Anim_RAttackEnd.uasset" 489
"../../../LifeOfMercenary/Content/Characters/Mercenary/Animation/AM_RAttackEnd.uasset" 490
"../../../LifeOfMercenary/Content/Characters/Mercenary/Animation/Anim_Block.uasset" 491
"../../../LifeOfMercenary/Content/Characters/Mercenary/Animation/Anim_Damage.uasset" 492
"../../../LifeOfMercenary/Content/Characters/Mercenary/Animation/Idle_Eqip_02.uasset" 493
"../../../LifeOfMercenary/Content/Characters/Mercenary/Animation/Walk_Eqip_Back.uasset" 494
"../../../LifeOfMercenary/Content/Characters/Mercenary/Animation/Walk_Eqip_Back_Left.uasset" 495
"../../../LifeOfMercenary/Content/Characters/Mercenary/Animation/Walk_Eqip_Back_Right.uasset" 496
"../../../LifeOfMercenary/Content/Characters/Mercenary/Animation/Walk_Eqip_Front.uasset" 497
"../../../LifeOfMercenary/Content/Characters/Mercenary/Animation/Walk_Eqip_Front_Left.uasset" 498
"../../../LifeOfMercenary/Content/Characters/Mercenary/Animation/Walk_Eqip_Front_Right.uasset" 499
"../../../LifeOfMercenary/Content/Characters/Mercenary/Animation/Walk_Eqip_Left.uasset" 500
"../../../LifeOfMercenary/Content/Characters/Mercenary/Animation/Walk_Eqip_Right.uasset" 501
"../../../LifeOfMercenary/Content/Characters/Mercenary/Animation/Anim_Walk_Eqip.uasset" 502
"../../../LifeOfMercenary/Content/Characters/Mercenary/Animation/Anim_Damage_Left.uasset" 503
"../../../LifeOfMercenary/Content/Characters/Mercenary/Animation/Anim_Damage_Right.uasset" 504
"../../../LifeOfMercenary/Content/Characters/Mercenary/Animation/BS_Damage_LR.uasset" 505
"../../../LifeOfMercenary/Content/Characters/Mercenary/Animation/Anim_Idle_Eqip_01.uasset" 506
"../../../LifeOfMercenary/Content/Characters/Mercenary/Animation/Anim_Run_Eqip.uasset" 507
"../../../LifeOfMercenary/Content/Characters/Mercenary/Animation/Anim_Walk_Eqip_Front.uasset" 508
"../../../LifeOfMercenary/Content/Characters/Mercenary/Animation/BS_Idle_Eqip.uasset" 509
"../../../LifeOfMercenary/Content/Characters/Mercenary/Animation/ABP_BattleMercenary.uasset" 510
"../../../LifeOfMercenary/Content/Resources/UI/Textures/T_AttackButton.uasset" 511
"../../../LifeOfMercenary/Content/Resources/UI/Textures/T_RollButton.uasset" 512
"../../../LifeOfMercenary/Content/Resources/UI/Textures/T_ShieldButton.uasset" 513
"../../../LifeOfMercenary/Content/UI/Battle/UI_PlayerProgressBar.uasset" 514
"../../../LifeOfMercenary/Content/UI/Battle/UI_Battle.uasset" 515
"../../../LifeOfMercenary/Content/Characters/Mercenary/BP_BattleMercenaryCharacter.uasset" 516
"../../../LifeOfMercenary/Content/BattleSceneTouchInterface.uasset" 517
"../../../LifeOfMercenary/Content/GameMode/BP_BattleScenePlayerController.uasset" 518
"../../../LifeOfMercenary/Content/GameMode/BP_BattleSceneGameMode.uasset" 519
"../../../LifeOfMercenary/Content/Maps/BattleScene_BuiltData.uasset" 520
"../../../Engine/Content/MapTemplates/SM_Template_Map_Floor.uasset" 521
"../../../LifeOfMercenary/Content/Maps/BattleScene.umap" 522
