"../../../Engine/Content/Functions/Engine_MaterialFunctions01/Opacity/CameraDepthFade.uasset" 0
"../../../Engine/Content/EngineMaterials/T_Default_Material_Grid_M.uasset" 1
"../../../Engine/Content/EngineMaterials/T_Default_Material_Grid_N.uasset" 2
"../../../Engine/Content/EngineMaterials/WorldGridMaterial.uasset" 3
"../../../LifeOfMercenary/Content/Resources/QuestBoard/Cube.uasset" 4
"../../../Engine/Content/EditorBlueprintResources/StandardMacros.uasset" 5
"../../../LifeOfMercenary/Content/UI/UI_3D_Paper.uasset" 6
"../../../LifeOfMercenary/Content/Blueprints/MainScene/BP_QuestPaper.uasset" 7
"../../../Engine/Content/EngineMeshes/Humanoid.uasset" 8
"../../../LifeOfMercenary/Content/Characters/Mercenary/Skeleton/SK_Mannequin_Mobile_Skeleton.uasset" 9
"../../../LifeOfMercenary/Content/Characters/Mercenary/Animation/Anim_LAttackStart.uasset" 10
"../../../LifeOfMercenary/Content/Characters/Mercenary/Animation/AM_LAttackStart.uasset" 11
"../../../LifeOfMercenary/Content/Characters/Mercenary/Animation/Anim_RAttackStart.uasset" 12
"../../../LifeOfMercenary/Content/Characters/Mercenary/Animation/AM_RAttackStart.uasset" 13
"../../../LifeOfMercenary/Content/DataTables/DT_ArmorEquipment.uasset" 14
"../../../LifeOfMercenary/Content/DataTables/DT_RQ.uasset" 15
"../../../LifeOfMercenary/Content/DataTables/DT_WeaponEquipment.uasset" 16
"../../../LifeOfMercenary/Content/DynamicSwordAnimset/Character/SK_Mannequin_Skeleton.uasset" 17
"../../../LifeOfMercenary/Content/DynamicSwordAnimset/Animations/InPlace/Attack_03.uasset" 18
"../../../LifeOfMercenary/Content/DynamicSwordAnimset/Animations/InPlace/Attack_09.uasset" 19
"../../../LifeOfMercenary/Content/DynamicSwordAnimset/Animations/InPlace/Attack_16.uasset" 20
"../../../LifeOfMercenary/Content/DynamicSwordAnimset/Animations/InPlace/Block_Damage.uasset" 21
"../../../LifeOfMercenary/Content/DynamicSwordAnimset/Animations/InPlace/Block_End.uasset" 22
"../../../LifeOfMercenary/Content/DynamicSwordAnimset/Animations/InPlace/Block_Guard.uasset" 23
"../../../LifeOfMercenary/Content/DynamicSwordAnimset/Animations/InPlace/Block_Loop.uasset" 24
"../../../LifeOfMercenary/Content/DynamicSwordAnimset/Animations/InPlace/Block_Start.uasset" 25
"../../../LifeOfMercenary/Content/DynamicSwordAnimset/Animations/InPlace/Crouch_Pickup.uasset" 26
"../../../LifeOfMercenary/Content/DynamicSwordAnimset/Animations/InPlace/Crouch_To_Uneqip.uasset" 27
"../../../LifeOfMercenary/Content/DynamicSwordAnimset/Animations/InPlace/Damage_01.uasset" 28
"../../../LifeOfMercenary/Content/DynamicSwordAnimset/Animations/InPlace/Damage_02.uasset" 29
"../../../LifeOfMercenary/Content/DynamicSwordAnimset/Animations/InPlace/Damage_Left_01.uasset" 30
"../../../LifeOfMercenary/Content/DynamicSwordAnimset/Animations/InPlace/Damage_Left_02.uasset" 31
"../../../LifeOfMercenary/Content/DynamicSwordAnimset/Animations/InPlace/Damage_Right_01.uasset" 32
"../../../LifeOfMercenary/Content/DynamicSwordAnimset/Animations/InPlace/Damage_Right_02.uasset" 33
"../../../LifeOfMercenary/Content/DynamicSwordAnimset/Animations/InPlace/Dead_01.uasset" 34
"../../../LifeOfMercenary/Content/DynamicSwordAnimset/Animations/InPlace/Dead_02.uasset" 35
"../../../LifeOfMercenary/Content/DynamicSwordAnimset/Animations/InPlace/Dead_03.uasset" 36
"../../../LifeOfMercenary/Content/DynamicSwordAnimset/Animations/InPlace/Dead_04.uasset" 37
"../../../LifeOfMercenary/Content/DynamicSwordAnimset/Animations/InPlace/Falling_Back.uasset" 38
"../../../LifeOfMercenary/Content/DynamicSwordAnimset/Animations/InPlace/Falling_Back_Down.uasset" 39
"../../../LifeOfMercenary/Content/DynamicSwordAnimset/Animations/InPlace/Falling_Back_Down_Up.uasset" 40
"../../../LifeOfMercenary/Content/DynamicSwordAnimset/Animations/InPlace/Falling_Front.uasset" 41
"../../../LifeOfMercenary/Content/DynamicSwordAnimset/Animations/InPlace/Falling_Front_Down.uasset" 42
"../../../LifeOfMercenary/Content/DynamicSwordAnimset/Animations/InPlace/Falling_Front_Down_Up.uasset" 43
"../../../LifeOfMercenary/Content/DynamicSwordAnimset/Animations/InPlace/Falling_Front_End.uasset" 44
"../../../LifeOfMercenary/Content/DynamicSwordAnimset/Animations/InPlace/Jump_Move_Front.uasset" 45
"../../../LifeOfMercenary/Content/DynamicSwordAnimset/Animations/InPlace/Jump_Running.uasset" 46
"../../../LifeOfMercenary/Content/DynamicSwordAnimset/Animations/InPlace/Jump_Running_End.uasset" 47
"../../../LifeOfMercenary/Content/DynamicSwordAnimset/Animations/InPlace/Jump_Running_Loop.uasset" 48
"../../../LifeOfMercenary/Content/DynamicSwordAnimset/Animations/InPlace/Jump_Running_Start.uasset" 49
"../../../LifeOfMercenary/Content/DynamicSwordAnimset/Animations/InPlace/Jump_Stand.uasset" 50
"../../../LifeOfMercenary/Content/DynamicSwordAnimset/Animations/InPlace/Jump_Stand_End_01.uasset" 51
"../../../LifeOfMercenary/Content/DynamicSwordAnimset/Animations/InPlace/Jump_Stand_End_02.uasset" 52
"../../../LifeOfMercenary/Content/DynamicSwordAnimset/Animations/InPlace/Jump_Stand_Loop.uasset" 53
"../../../LifeOfMercenary/Content/DynamicSwordAnimset/Animations/InPlace/Jump_Stand_Start.uasset" 54
"../../../LifeOfMercenary/Content/DynamicSwordAnimset/Animations/InPlace/Knockdown_Back.uasset" 55
"../../../LifeOfMercenary/Content/DynamicSwordAnimset/Animations/InPlace/Knockdown_Back_Up.uasset" 56
"../../../LifeOfMercenary/Content/DynamicSwordAnimset/Animations/InPlace/Knockdown_Front.uasset" 57
"../../../LifeOfMercenary/Content/DynamicSwordAnimset/Animations/InPlace/Knockdown_Front_Up.uasset" 58
"../../../LifeOfMercenary/Content/DynamicSwordAnimset/Animations/InPlace/Rolling_Back_01.uasset" 59
"../../../LifeOfMercenary/Content/DynamicSwordAnimset/Animations/InPlace/Rolling_Back_02.uasset" 60
"../../../LifeOfMercenary/Content/DynamicSwordAnimset/Animations/InPlace/Rolling_Front.uasset" 61
"../../../LifeOfMercenary/Content/DynamicSwordAnimset/Animations/InPlace/Rolling_Left.uasset" 62
"../../../LifeOfMercenary/Content/DynamicSwordAnimset/Animations/InPlace/Rolling_Right.uasset" 63
"../../../LifeOfMercenary/Content/DynamicSwordAnimset/Animations/InPlace/Step_Back.uasset" 64
"../../../LifeOfMercenary/Content/DynamicSwordAnimset/Animations/InPlace/Step_Left.uasset" 65
"../../../LifeOfMercenary/Content/DynamicSwordAnimset/Animations/InPlace/Step_Right.uasset" 66
"../../../LifeOfMercenary/Content/DynamicSwordAnimset/Animations/InPlace/Stun.uasset" 67
"../../../LifeOfMercenary/Content/DynamicSwordAnimset/Animations/InPlace/Uneqip_Pickup.uasset" 68
"../../../LifeOfMercenary/Content/DynamicSwordAnimset/Animations/InPlace/Uneqip_To_Crouch.uasset" 69
"../../../LifeOfMercenary/Content/DynamicSwordAnimset/Animations/InPlace/Uneqip_To_Eqip.uasset" 70
"../../../LifeOfMercenary/Content/DynamicSwordAnimset/Animations/RootMotion/Attack_01.uasset" 71
"../../../LifeOfMercenary/Content/DynamicSwordAnimset/Animations/RootMotion/Attack_05.uasset" 72
"../../../LifeOfMercenary/Content/DynamicSwordAnimset/Animations/RootMotion/Attack_06.uasset" 73
"../../../LifeOfMercenary/Content/DynamicSwordAnimset/Animations/RootMotion/Attack_07.uasset" 74
"../../../LifeOfMercenary/Content/DynamicSwordAnimset/Animations/RootMotion/Attack_08.uasset" 75
"../../../LifeOfMercenary/Content/DynamicSwordAnimset/Animations/RootMotion/Attack_09.uasset" 76
"../../../LifeOfMercenary/Content/DynamicSwordAnimset/Animations/RootMotion/Attack_10.uasset" 77
"../../../LifeOfMercenary/Content/DynamicSwordAnimset/Animations/RootMotion/Attack_11.uasset" 78
"../../../LifeOfMercenary/Content/DynamicSwordAnimset/Animations/RootMotion/Attack_12.uasset" 79
"../../../LifeOfMercenary/Content/DynamicSwordAnimset/Animations/RootMotion/Attack_13.uasset" 80
"../../../LifeOfMercenary/Content/DynamicSwordAnimset/Animations/RootMotion/Attack_14.uasset" 81
"../../../LifeOfMercenary/Content/DynamicSwordAnimset/Animations/RootMotion/Attack_15.uasset" 82
"../../../LifeOfMercenary/Content/DynamicSwordAnimset/Animations/RootMotion/Attack_16.uasset" 83
"../../../LifeOfMercenary/Content/DynamicSwordAnimset/Animations/RootMotion/Attack_17.uasset" 84
"../../../LifeOfMercenary/Content/DynamicSwordAnimset/Animations/RootMotion/Attack_18.uasset" 85
"../../../LifeOfMercenary/Content/DynamicSwordAnimset/Animations/RootMotion/Attack_Eqip_01.uasset" 86
"../../../LifeOfMercenary/Content/DynamicSwordAnimset/Animations/RootMotion/Attack_Eqip_02.uasset" 87
"../../../LifeOfMercenary/Content/DynamicSwordAnimset/Animations/RootMotion/Combo_01.uasset" 88
"../../../LifeOfMercenary/Content/DynamicSwordAnimset/Animations/RootMotion/Combo_02.uasset" 89
"../../../LifeOfMercenary/Content/DynamicSwordAnimset/Animations/RootMotion/Damage_Left_02.uasset" 90
"../../../LifeOfMercenary/Content/DynamicSwordAnimset/Animations/RootMotion/Damage_Right_02.uasset" 91
"../../../LifeOfMercenary/Content/DynamicSwordAnimset/Animations/RootMotion/Dash.uasset" 92
"../../../LifeOfMercenary/Content/DynamicSwordAnimset/Animations/RootMotion/Dead_01.uasset" 93
"../../../LifeOfMercenary/Content/DynamicSwordAnimset/Animations/RootMotion/Dead_02.uasset" 94
"../../../LifeOfMercenary/Content/DynamicSwordAnimset/Animations/RootMotion/Dead_03.uasset" 95
"../../../LifeOfMercenary/Content/DynamicSwordAnimset/Animations/RootMotion/Dead_04.uasset" 96
"../../../LifeOfMercenary/Content/DynamicSwordAnimset/Animations/RootMotion/Falling_Back_Down.uasset" 97
"../../../LifeOfMercenary/Content/DynamicSwordAnimset/Animations/RootMotion/Falling_Back_Down_Up.uasset" 98
"../../../LifeOfMercenary/Content/DynamicSwordAnimset/Animations/RootMotion/Falling_Front_Down.uasset" 99
"../../../LifeOfMercenary/Content/DynamicSwordAnimset/Animations/RootMotion/Jump_Move_Front.uasset" 100
"../../../LifeOfMercenary/Content/DynamicSwordAnimset/Animations/RootMotion/Jump_Running.uasset" 101
"../../../LifeOfMercenary/Content/DynamicSwordAnimset/Animations/RootMotion/Jump_Running_Start.uasset" 102
"../../../LifeOfMercenary/Content/DynamicSwordAnimset/Animations/RootMotion/Jump_Stand.uasset" 103
"../../../LifeOfMercenary/Content/DynamicSwordAnimset/Animations/RootMotion/Jump_Stand_Start.uasset" 104
"../../../LifeOfMercenary/Content/DynamicSwordAnimset/Animations/RootMotion/Knockdown_Back.uasset" 105
"../../../LifeOfMercenary/Content/DynamicSwordAnimset/Animations/RootMotion/Knockdown_Back_Up.uasset" 106
"../../../LifeOfMercenary/Content/DynamicSwordAnimset/Animations/RootMotion/Knockdown_Front.uasset" 107
"../../../LifeOfMercenary/Content/DynamicSwordAnimset/Animations/RootMotion/Knockdown_Front_Up.uasset" 108
"../../../LifeOfMercenary/Content/DynamicSwordAnimset/Animations/RootMotion/Rolling_Back_01.uasset" 109
"../../../LifeOfMercenary/Content/DynamicSwordAnimset/Animations/RootMotion/Rolling_Back_02.uasset" 110
"../../../LifeOfMercenary/Content/DynamicSwordAnimset/Animations/RootMotion/Rolling_Front.uasset" 111
"../../../LifeOfMercenary/Content/DynamicSwordAnimset/Animations/RootMotion/Rolling_Left.uasset" 112
"../../../LifeOfMercenary/Content/DynamicSwordAnimset/Animations/RootMotion/Rolling_Right.uasset" 113
"../../../LifeOfMercenary/Content/DynamicSwordAnimset/Animations/RootMotion/Step_Back.uasset" 114
"../../../LifeOfMercenary/Content/DynamicSwordAnimset/Animations/RootMotion/Step_Left.uasset" 115
"../../../LifeOfMercenary/Content/DynamicSwordAnimset/Animations/RootMotion/Step_Right.uasset" 116
"../../../LifeOfMercenary/Content/DynamicSwordAnimset/Animations/InPlace/Idle_Crouch.uasset" 117
"../../../LifeOfMercenary/Content/DynamicSwordAnimset/Animations/InPlace/Walk_Crouch_Front.uasset" 118
"../../../LifeOfMercenary/Content/DynamicSwordAnimset/BlendSpaces/Idle_Crouch_BS.uasset" 119
"../../../LifeOfMercenary/Content/DynamicSwordAnimset/Animations/AimOffsets/Idle_Eqip_CC.uasset" 120
"../../../LifeOfMercenary/Content/DynamicSwordAnimset/Animations/AimOffsets/Idle_Eqip_CD.uasset" 121
"../../../LifeOfMercenary/Content/DynamicSwordAnimset/Animations/AimOffsets/Idle_Eqip_CU.uasset" 122
"../../../LifeOfMercenary/Content/DynamicSwordAnimset/Animations/AimOffsets/Idle_Eqip_LC.uasset" 123
"../../../LifeOfMercenary/Content/DynamicSwordAnimset/Animations/AimOffsets/Idle_Eqip_LD.uasset" 124
"../../../LifeOfMercenary/Content/DynamicSwordAnimset/Animations/AimOffsets/Idle_Eqip_LU.uasset" 125
"../../../LifeOfMercenary/Content/DynamicSwordAnimset/Animations/AimOffsets/Idle_Eqip_RC.uasset" 126
"../../../LifeOfMercenary/Content/DynamicSwordAnimset/Animations/AimOffsets/Idle_Eqip_RD.uasset" 127
"../../../LifeOfMercenary/Content/DynamicSwordAnimset/Animations/AimOffsets/Idle_Eqip_RU.uasset" 128
"../../../LifeOfMercenary/Content/DynamicSwordAnimset/Animations/InPlace/Idle_Eqip_01.uasset" 129
"../../../LifeOfMercenary/Content/DynamicSwordAnimset/BlendSpaces/Idle_Eqip_AimOffset.uasset" 130
"../../../LifeOfMercenary/Content/DynamicSwordAnimset/Animations/InPlace/Run_Eqip.uasset" 131
"../../../LifeOfMercenary/Content/DynamicSwordAnimset/Animations/InPlace/Walk_Eqip_Front.uasset" 132
"../../../LifeOfMercenary/Content/DynamicSwordAnimset/BlendSpaces/Idle_Eqip_BS.uasset" 133
"../../../LifeOfMercenary/Content/DynamicSwordAnimset/Animations/InPlace/Idle_Uneqip.uasset" 134
"../../../LifeOfMercenary/Content/DynamicSwordAnimset/Animations/InPlace/Run_Uneqip.uasset" 135
"../../../LifeOfMercenary/Content/DynamicSwordAnimset/Animations/InPlace/Walk_Uneqip_Front.uasset" 136
"../../../LifeOfMercenary/Content/DynamicSwordAnimset/BlendSpaces/Idle_Uneqip_BS.uasset" 137
"../../../LifeOfMercenary/Content/DynamicSwordAnimset/Animations/InPlace/Walk_Crouch_Back.uasset" 138
"../../../LifeOfMercenary/Content/DynamicSwordAnimset/Animations/InPlace/Walk_Crouch_Left.uasset" 139
"../../../LifeOfMercenary/Content/DynamicSwordAnimset/Animations/InPlace/Walk_Crouch_Right.uasset" 140
"../../../LifeOfMercenary/Content/DynamicSwordAnimset/BlendSpaces/Walk_Crouch_BS.uasset" 141
"../../../LifeOfMercenary/Content/DynamicSwordAnimset/Animations/InPlace/Idle_Eqip_02.uasset" 142
"../../../LifeOfMercenary/Content/DynamicSwordAnimset/Animations/InPlace/Walk_Eqip_Back.uasset" 143
"../../../LifeOfMercenary/Content/DynamicSwordAnimset/Animations/InPlace/Walk_Eqip_Back_Left.uasset" 144
"../../../LifeOfMercenary/Content/DynamicSwordAnimset/Animations/InPlace/Walk_Eqip_Back_Right.uasset" 145
"../../../LifeOfMercenary/Content/DynamicSwordAnimset/Animations/InPlace/Walk_Eqip_Front_Left.uasset" 146
"../../../LifeOfMercenary/Content/DynamicSwordAnimset/Animations/InPlace/Walk_Eqip_Front_Right.uasset" 147
"../../../LifeOfMercenary/Content/DynamicSwordAnimset/Animations/InPlace/Walk_Eqip_Left.uasset" 148
"../../../LifeOfMercenary/Content/DynamicSwordAnimset/Animations/InPlace/Walk_Eqip_Right.uasset" 149
"../../../LifeOfMercenary/Content/DynamicSwordAnimset/BlendSpaces/Walk_Eqip_BS.uasset" 150
"../../../LifeOfMercenary/Content/DynamicSwordAnimset/Animations/InPlace/Walk_Uneqip_Back.uasset" 151
"../../../LifeOfMercenary/Content/DynamicSwordAnimset/Animations/InPlace/Walk_Uneqip_Back_Left.uasset" 152
"../../../LifeOfMercenary/Content/DynamicSwordAnimset/Animations/InPlace/Walk_Uneqip_Back_Right.uasset" 153
"../../../LifeOfMercenary/Content/DynamicSwordAnimset/Animations/InPlace/Walk_Uneqip_Front_Left.uasset" 154
"../../../LifeOfMercenary/Content/DynamicSwordAnimset/Animations/InPlace/Walk_Uneqip_Front_Right.uasset" 155
"../../../LifeOfMercenary/Content/DynamicSwordAnimset/Animations/InPlace/Walk_Uneqip_Left.uasset" 156
"../../../LifeOfMercenary/Content/DynamicSwordAnimset/Animations/InPlace/Walk_Uneqip_Right.uasset" 157
"../../../LifeOfMercenary/Content/DynamicSwordAnimset/BlendSpaces/Walk_Uneqip_BS.uasset" 158
"../../../LifeOfMercenary/Content/DynamicSwordAnimset/Character/Materials/MaterialLayers/ML_BasicTestMaterial.uasset" 159
"../../../LifeOfMercenary/Content/DynamicSwordAnimset/Character/Materials/MaterialLayers/T_ML_Rubber_Blue_01_D.uasset" 160
"../../../LifeOfMercenary/Content/Resources/Item/Textures/Body/body_basecolor.uasset" 161
"../../../LifeOfMercenary/Content/Resources/Item/Textures/Body/body_normals.uasset" 162
"../../../LifeOfMercenary/Content/Resources/Item/Textures/Body/Knigbody_RoughnessMetallic.uasset" 163
"../../../LifeOfMercenary/Content/Resources/Item/Textures/Masks/body_mask.uasset" 164
"../../../LifeOfMercenary/Content/Resources/Item/Material/body_mat.uasset" 165
"../../../LifeOfMercenary/Content/Resources/Item/Textures/Beards_Hair/full_beard_BaseColor.uasset" 166
"../../../LifeOfMercenary/Content/Resources/Item/Textures/Beards_Hair/full_beard_Normal.uasset" 167
"../../../LifeOfMercenary/Content/Resources/Item/Textures/Beards_Hair/new_gear_full_beard_RoughnessMetallic.uasset" 168
"../../../LifeOfMercenary/Content/Resources/Item/Material/full_beard_mat.uasset" 169
"../../../LifeOfMercenary/Content/Resources/Item/Textures/Goggles/goggles_BaseColor.uasset" 170
"../../../LifeOfMercenary/Content/Resources/Item/Textures/Goggles/goggles_Normal.uasset" 171
"../../../LifeOfMercenary/Content/Resources/Item/Textures/Goggles/goggles_RoughnessMetallic.uasset" 172
"../../../LifeOfMercenary/Content/Resources/Item/Material/goggles_mat.uasset" 173
"../../../LifeOfMercenary/Content/Resources/Item/Textures/Armor_Plate_Base_Shirt/armor_plate_base_shirt_basecolor.uasset" 174
"../../../LifeOfMercenary/Content/Resources/Item/Textures/Armor_Plate_Base_Shirt/armor_plate_base_shirt_normals.uasset" 175
"../../../LifeOfMercenary/Content/Resources/Item/Textures/Armor_Plate_Base_Shirt/armor_plate_base_shirt_RoughnessMetallic.uasset" 176
"../../../LifeOfMercenary/Content/Resources/Item/Textures/Masks/shirt_mask.uasset" 177
"../../../LifeOfMercenary/Content/Resources/Item/Material/armor_plate_base_shirt_mat.uasset" 178
"../../../LifeOfMercenary/Content/Resources/Item/Meshes/SK_Armor.uasset" 179
"../../../LifeOfMercenary/Content/Resources/Item/Textures/Main_Clothes/Default/main_clothes_default_basecolor.uasset" 180
"../../../LifeOfMercenary/Content/Resources/Item/Textures/Main_Clothes/Knight_to_paint_pants_with_boots_belts_Normal.uasset" 181
"../../../LifeOfMercenary/Content/Resources/Item/Textures/Main_Clothes/Knight_to_paint_pants_with_boots_belts_RoughnessMetallic.uasset" 182
"../../../LifeOfMercenary/Content/Resources/Item/Textures/Masks/pants_mask.uasset" 183
"../../../LifeOfMercenary/Content/Resources/Item/Material/main_clothes_mat.uasset" 184
"../../../LifeOfMercenary/Content/Resources/Item/Meshes/SK_Gloves.uasset" 185
"../../../LifeOfMercenary/Content/Resources/Item/Textures/Arms_Armor/arm_armor_BaseColor.uasset" 186
"../../../LifeOfMercenary/Content/Resources/Item/Textures/Arms_Armor/arm_armor_Normal.uasset" 187
"../../../LifeOfMercenary/Content/Resources/Item/Textures/Arms_Armor/arm_armor_RoughnessMetallic.uasset" 188
"../../../LifeOfMercenary/Content/Resources/Item/Material/arms_armor_mat.uasset" 189
"../../../LifeOfMercenary/Content/Resources/Item/Meshes/SK_HoodArmor.uasset" 190
"../../../LifeOfMercenary/Content/Resources/Item/Meshes/SK_IronGlove.uasset" 191
"../../../LifeOfMercenary/Content/Resources/Item/Meshes/SK_Pants.uasset" 192
"../../../LifeOfMercenary/Content/Resources/Item/Meshes/SK_Robe.uasset" 193
"../../../LifeOfMercenary/Content/Resources/Item/Meshes/SK_RobeArmor.uasset" 194
"../../../LifeOfMercenary/Content/Resources/Item/Meshes/SK_Shirt.uasset" 195
"../../../LifeOfMercenary/Content/Resources/Item/Meshes/SK_Shoes.uasset" 196
"../../../LifeOfMercenary/Content/Resources/Item/Meshes/SK_ShoulderArmor.uasset" 197
"../../../LifeOfMercenary/Content/Resources/Item/Meshes/ST_Beard.uasset" 198
"../../../LifeOfMercenary/Content/Resources/Item/Textures/Swords/Weapons_base.uasset" 199
"../../../LifeOfMercenary/Content/Resources/Item/Textures/Swords/Weapons_nrm.uasset" 200
"../../../LifeOfMercenary/Content/Resources/Item/Textures/Swords/Weapons_roumat.uasset" 201
"../../../LifeOfMercenary/Content/Resources/Item/Material/Wepaons_m.uasset" 202
"../../../LifeOfMercenary/Content/Resources/Item/Meshes/ST_Blade.uasset" 203
"../../../LifeOfMercenary/Content/Resources/Item/Meshes/ST_Dagger.uasset" 204
"../../../LifeOfMercenary/Content/Resources/Item/Textures/Helmets/helmet_basecolor.uasset" 205
"../../../LifeOfMercenary/Content/Resources/Item/Textures/Helmets/helmet_normals.uasset" 206
"../../../LifeOfMercenary/Content/Resources/Item/Textures/Helmets/hlemet_RoughnessMetallic.uasset" 207
"../../../LifeOfMercenary/Content/Resources/Item/Material/helmet_mat.uasset" 208
"../../../LifeOfMercenary/Content/Resources/Item/Meshes/ST_IronHelmet.uasset" 209
"../../../LifeOfMercenary/Content/Resources/Item/Textures/Helmets/nordic_helmet_BaseColor.uasset" 210
"../../../LifeOfMercenary/Content/Resources/Item/Textures/Helmets/nordic_helmet_Normal.uasset" 211
"../../../LifeOfMercenary/Content/Resources/Item/Textures/Helmets/nordic_helmet_RoughnessMetallic.uasset" 212
"../../../LifeOfMercenary/Content/Resources/Item/Material/nordic_helmet_mat.uasset" 213
"../../../LifeOfMercenary/Content/Resources/Item/Meshes/ST_NordicHelmet.uasset" 214
"../../../LifeOfMercenary/Content/Resources/Item/Textures/Shield/Shield_thin_base.uasset" 215
"../../../LifeOfMercenary/Content/Resources/Item/Textures/Shield/Shield_thin_nrm.uasset" 216
"../../../LifeOfMercenary/Content/Resources/Item/Textures/Shield/Shield_thin_roumat.uasset" 217
"../../../LifeOfMercenary/Content/Resources/Item/Material/Shield_m.uasset" 218
"../../../LifeOfMercenary/Content/Resources/Item/Meshes/ST_Shield.uasset" 219
"../../../LifeOfMercenary/Content/Resources/Item/Textures/BattleAxe_Spear/both_base.uasset" 220
"../../../LifeOfMercenary/Content/Resources/Item/Textures/BattleAxe_Spear/both_nrm.uasset" 221
"../../../LifeOfMercenary/Content/Resources/Item/Textures/BattleAxe_Spear/both_roumat.uasset" 222
"../../../LifeOfMercenary/Content/Resources/Item/Material/Spear_Axe_m.uasset" 223
"../../../LifeOfMercenary/Content/Resources/Item/Meshes/ST_Spear.uasset" 224
"../../../LifeOfMercenary/Content/Resources/Item/Meshes/ST_Sword.uasset" 225
"../../../LifeOfMercenary/Content/Resources/Item/Meshes/ST_TwoHandAx.uasset" 226
"../../../LifeOfMercenary/Content/Resources/Item/Textures/T_Armor.uasset" 227
"../../../LifeOfMercenary/Content/Resources/Item/Textures/T_Blade.uasset" 228
"../../../LifeOfMercenary/Content/Resources/Item/Textures/T_Dagger.uasset" 229
"../../../LifeOfMercenary/Content/Resources/Item/Textures/T_Glove.uasset" 230
"../../../LifeOfMercenary/Content/Resources/Item/Textures/T_HoodArmor.uasset" 231
"../../../LifeOfMercenary/Content/Resources/Item/Textures/T_IronHelmet.uasset" 232
"../../../LifeOfMercenary/Content/Resources/Item/Textures/T_NordicHelmet.uasset" 233
"../../../LifeOfMercenary/Content/Resources/Item/Textures/T_Pants.uasset" 234
"../../../LifeOfMercenary/Content/Resources/Item/Textures/T_Robe.uasset" 235
"../../../LifeOfMercenary/Content/Resources/Item/Textures/T_RobeArmor.uasset" 236
"../../../LifeOfMercenary/Content/Resources/Item/Textures/T_Shield.uasset" 237
"../../../LifeOfMercenary/Content/Resources/Item/Textures/T_Shirt.uasset" 238
"../../../LifeOfMercenary/Content/Resources/Item/Textures/T_Shoes.uasset" 239
"../../../LifeOfMercenary/Content/Resources/Item/Textures/T_ShoulderArmor.uasset" 240
"../../../LifeOfMercenary/Content/Resources/Item/Textures/T_Spear.uasset" 241
"../../../LifeOfMercenary/Content/Resources/Item/Textures/T_SteelGlove.uasset" 242
"../../../LifeOfMercenary/Content/Resources/Item/Textures/T_Sword.uasset" 243
"../../../LifeOfMercenary/Content/Resources/Item/Textures/T_TwoHandAx.uasset" 244
"../../../LifeOfMercenary/Content/Resources/Item/Textures/Main_Clothes/Gray/main_clothes_gray_basecolor.uasset" 245
"../../../LifeOfMercenary/Content/Resources/Item/Textures/Main_Clothes/Orange/main_clothes_orange_basecolor.uasset" 246
"../../../LifeOfMercenary/Content/Resources/Material/MT_Wite.uasset" 247
"../../../Engine/Content/Functions/Engine_MaterialFunctions02/SplitComponents.uasset" 248
"../../../Engine/Content/Functions/Engine_MaterialFunctions02/Utility/VectorLength.uasset" 249
"../../../LifeOfMercenary/Content/Resources/Shader/MF_ConvolveTexture.uasset" 250
"../../../LifeOfMercenary/Content/Resources/Shader/MF_ExtractDepth.uasset" 251
"../../../LifeOfMercenary/Content/Resources/Shader/MF_TextureNeighbourUVs.uasset" 252
"../../../LifeOfMercenary/Content/Resources/Shader/MT_OutLiner.uasset" 253
"../../../LifeOfMercenary/Content/Resources/Shader/MT_Outliner_Inst.uasset" 254
"../../../LifeOfMercenary/Content/Resources/UI/Textures/T_BuySellButton.uasset" 255
"../../../LifeOfMercenary/Content/Resources/UI/Textures/T_StoreSwitch_Button.uasset" 256
"../../../LifeOfMercenary/Content/Resources/UI/Textures/T_Store_ArmorUI.uasset" 257
"../../../LifeOfMercenary/Content/Resources/UI/Textures/T_Store_WeaponUI.uasset" 258
"../../../LifeOfMercenary/Content/Blueprints/MainScene/BP_MainSceneCamera.uasset" 259
"../../../Engine/Content/BasicShapes/BasicShapeMaterial.uasset" 260
"../../../Engine/Content/BasicShapes/Cube.uasset" 261
"../../../LifeOfMercenary/Content/Blueprints/MainScene/BP_QuestBoard.uasset" 262
"../../../LifeOfMercenary/Content/UI/UI_Function_FadeInOut.uasset" 263
"../../../LifeOfMercenary/Content/UI/UI_Board.uasset" 264
"../../../LifeOfMercenary/Content/Blueprints/MainScene/BP_GambleExample.uasset" 265
"../../../LifeOfMercenary/Content/Characters/Mercenary/Materials/body_mat.uasset" 266
"../../../LifeOfMercenary/Content/Characters/Mercenary/SkeletalMeshes/SK_Bottoms.uasset" 267
"../../../LifeOfMercenary/Content/Characters/Mercenary/SkeletalMeshes/SK_Feet.uasset" 268
"../../../LifeOfMercenary/Content/Characters/Mercenary/SkeletalMeshes/SK_Hands.uasset" 269
"../../../LifeOfMercenary/Content/Characters/Mercenary/SkeletalMeshes/SK_Head.uasset" 270
"../../../LifeOfMercenary/Content/Characters/Mercenary/SkeletalMeshes/SK_Top.uasset" 271
"../../../LifeOfMercenary/Content/Characters/Mercenary/BP_MercenaryCharecter.uasset" 272
"../../../LifeOfMercenary/Content/UI/UI_GambleExample.uasset" 273
"../../../LifeOfMercenary/Content/UI/UI_Gamble.uasset" 274
"../../../LifeOfMercenary/Content/UI/UI_QuestPaper.uasset" 275
"../../../Engine/Content/EngineMaterials/DefaultMaterial.uasset" 276
"../../../Engine/Content/BasicShapes/Cone.uasset" 277
"../../../Engine/Content/BasicShapes/Cylinder.uasset" 278
"../../../Engine/Content/BasicShapes/Plane.uasset" 279
"../../../Engine/Content/BasicShapes/Sphere.uasset" 280
"../../../Engine/Content/EditorLandscapeResources/DataLayer.uasset" 281
"../../../Engine/Content/EditorMaterials/GizmoMaterial.uasset" 282
"../../../Engine/Content/EditorMaterials/MAT_Groups_Toggle.uasset" 283
"../../../Engine/Content/EditorMaterials/MAT_Groups_Visibility.uasset" 284
"../../../Engine/Content/EditorMaterials/PreviewShadowIndicator.uasset" 285
"../../../Engine/Content/EditorMaterials/PreviewShadowIndicatorMaterial.uasset" 286
"../../../Engine/Content/EditorMaterials/AssetViewer/EpicQuadPanorama_CC+EV1.uasset" 287
"../../../Engine/Content/EditorMaterials/MatineeGroups/MAT_ColorTrack.uasset" 288
"../../../Engine/Content/EditorMaterials/MatineeGroups/MAT_Groups_Anim.uasset" 289
"../../../Engine/Content/EditorMaterials/MatineeGroups/MAT_Groups_AudioMaster.uasset" 290
"../../../Engine/Content/EditorMaterials/MatineeGroups/MAT_Groups_Director.uasset" 291
"../../../Engine/Content/EditorMaterials/MatineeGroups/MAT_Groups_Event.uasset" 292
"../../../Engine/Content/EditorMaterials/MatineeGroups/MAT_Groups_Fade.uasset" 293
"../../../Engine/Content/EditorMaterials/MatineeGroups/MAT_Groups_Float.uasset" 294
"../../../Engine/Content/EditorMaterials/MatineeGroups/MAT_Groups_Move.uasset" 295
"../../../Engine/Content/EditorMaterials/MatineeGroups/MAT_Groups_Slomo.uasset" 296
"../../../Engine/Content/EditorMaterials/MatineeGroups/MAT_Groups_Sound.uasset" 297
"../../../Engine/Content/EditorMaterials/MatineeGroups/MAT_Groups_Vector.uasset" 298
"../../../Engine/Content/EditorMaterials/ParticleSystems/PSysThumbnail_NoImage.uasset" 299
"../../../Engine/Content/EditorMaterials/ParticleSystems/PSysThumbnail_OOD.uasset" 300
"../../../Engine/Content/EditorMaterials/Camera/CineMat.uasset" 301
"../../../Engine/Content/EditorMaterials/Camera/MI_CineMat_Rig.uasset" 302
"../../../Engine/Content/EditorMeshes/Camera/SM_CraneRig_Arm.uasset" 303
"../../../Engine/Content/EditorMeshes/Camera/SM_CraneRig_Base.uasset" 304
"../../../Engine/Content/EditorMeshes/Camera/SM_CraneRig_Body.uasset" 305
"../../../Engine/Content/EditorMeshes/Camera/SM_CraneRig_Mount.uasset" 306
"../../../Engine/Content/EditorMeshes/Camera/SM_RailRig_Mount.uasset" 307
"../../../Engine/Content/EditorMeshes/Camera/SM_RailRig_Track.uasset" 308
"../../../Engine/Content/EditorMeshes/ColorCalibrator/M_ChromeBall.uasset" 309
"../../../Engine/Content/EditorMeshes/ColorCalibrator/M_ClearCoat.uasset" 310
"../../../Engine/Content/EditorMeshes/ColorCalibrator/M_ClearCoatBlack.uasset" 311
"../../../Engine/Content/EditorMeshes/ColorCalibrator/T_ColorGrid.uasset" 312
"../../../Engine/Content/EditorMeshes/ColorCalibrator/M_ColorGrid.uasset" 313
"../../../Engine/Content/EditorMeshes/ColorCalibrator/M_GreyBall.uasset" 314
"../../../Engine/Content/EditorMeshes/ColorCalibrator/SM_ColorCalibrator.uasset" 315
"../../../Engine/Content/EditorResources/BSPVertex.uasset" 316
"../../../Engine/Content/EditorResources/EmptyActor.uasset" 317
"../../../Engine/Content/EditorResources/S_Actor.uasset" 318
"../../../Engine/Content/EditorResources/S_Trigger.uasset" 319
"../../../Engine/Content/EditorResources/LightIcons/S_LightError.uasset" 320
"../../../Engine/Content/EditorResources/SequenceRecorder/Countdown.uasset" 321
"../../../Engine/Content/EditorResources/SequenceRecorder/RecordingIndicator.uasset" 322
"../../../Engine/Content/EditorSounds/Notifications/CompileFailed.uasset" 323
"../../../Engine/Content/EditorSounds/Notifications/CompileFailed_Cue.uasset" 324
"../../../Engine/Content/EditorSounds/Notifications/CompileSuccess.uasset" 325
"../../../Engine/Content/EditorSounds/Notifications/CompileStart_Cue.uasset" 326
"../../../Engine/Content/EditorSounds/Notifications/CompileSuccess_Cue.uasset" 327
"../../../Engine/Content/EngineDamageTypes/DmgTypeBP_Environmental.uasset" 328
"../../../Engine/Content/EngineDebugMaterials/HeatmapGradient.uasset" 329
"../../../Engine/Content/EngineDebugMaterials/BoneWeightMaterial.uasset" 330
"../../../Engine/Content/EngineDebugMaterials/ClothMaterial.uasset" 331
"../../../Engine/Content/EngineDebugMaterials/ClothMaterial_WF.uasset" 332
"../../../Engine/Content/EngineDebugMaterials/DebugEditorMaterial.uasset" 333
"../../../Engine/Content/EngineDebugMaterials/DebugMeshMaterial.uasset" 334
"../../../Engine/Content/EngineDebugMaterials/GeomMaterial.uasset" 335
"../../../Engine/Content/EngineFonts/Faces/RobotoBold.uasset" 336
"../../../Engine/Content/EngineFonts/Faces/RobotoBoldItalic.uasset" 337
"../../../Engine/Content/EngineFonts/Faces/RobotoItalic.uasset" 338
"../../../Engine/Content/EngineFonts/Faces/RobotoLight.uasset" 339
"../../../Engine/Content/EngineFonts/Faces/RobotoRegular.uasset" 340
"../../../Engine/Content/EngineFonts/Roboto.uasset" 341
"../../../Engine/Content/EngineFonts/Faces/RobotoTiny.uasset" 342
"../../../Engine/Content/EngineFonts/RobotoTiny.uasset" 343
"../../../Engine/Content/EngineMaterials/DefaultBloomKernel.uasset" 344
"../../../Engine/Content/EngineMaterials/DefaultBokeh.uasset" 345
"../../../Engine/Content/EngineMaterials/DefaultDiffuse.uasset" 346
"../../../Engine/Content/EngineMaterials/DefaultDeferredDecalMaterial.uasset" 347
"../../../Engine/Content/EngineMaterials/DefaultLightFunctionMaterial.uasset" 348
"../../../Engine/Content/Functions/Engine_MaterialFunctions02/Utility/BreakOutFloat2Components.uasset" 349
"../../../Engine/Content/EngineMaterials/DefaultPostProcessMaterial.uasset" 350
"../../../Engine/Content/EngineFonts/RobotoDistanceField.uasset" 351
"../../../Engine/Content/EngineMaterials/DefaultTextMaterialOpaque.uasset" 352
"../../../Engine/Content/EngineMaterials/DefaultWhiteGrid.uasset" 353
"../../../Engine/Content/EngineMaterials/EditorBrushMaterial.uasset" 354
"../../../Engine/Content/EngineMaterials/Good64x64TilingNoiseHighFreq.uasset" 355
"../../../Engine/Content/EngineMaterials/MiniFont.uasset" 356
"../../../Engine/Content/EngineMaterials/InvalidLightmapSettings.uasset" 357
"../../../Engine/Content/EngineMaterials/M_InvalidLightmapSettings.uasset" 358
"../../../Engine/Content/EngineMaterials/PhAT_JointLimitMaterial.uasset" 359
"../../../Engine/Content/EngineMaterials/PreintegratedSkinBRDF.uasset" 360
"../../../Engine/Content/EngineMaterials/RemoveSurfaceMaterial.uasset" 361
"../../../Engine/Content/EngineMaterials/WeightMapPlaceholderTexture.uasset" 362
"../../../Engine/Content/EngineResources/WhiteSquareTexture.uasset" 363
"../../../Engine/Content/EngineMaterials/Widget3DPassThrough.uasset" 364
"../../../Engine/Content/EngineMaterials/Widget3DPassThrough_Masked.uasset" 365
"../../../Engine/Content/EngineMaterials/Widget3DPassThrough_Opaque.uasset" 366
"../../../Engine/Content/EngineMaterials/Widget3DPassThrough_Masked_OneSided.uasset" 367
"../../../Engine/Content/EngineMaterials/Widget3DPassThrough_Opaque_OneSided.uasset" 368
"../../../Engine/Content/EngineMaterials/Widget3DPassThrough_Translucent.uasset" 369
"../../../Engine/Content/EngineMaterials/Widget3DPassThrough_Translucent_OneSided.uasset" 370
"../../../Engine/Content/EngineMeshes/Cube.uasset" 371
"../../../Engine/Content/EngineMeshes/Cylinder.uasset" 372
"../../../Engine/Content/EngineMeshes/Sphere.uasset" 373
"../../../Engine/Content/EngineResources/Black.uasset" 374
"../../../Engine/Content/EngineResources/DefaultTexture.uasset" 375
"../../../Engine/Content/EngineResources/DefaultTextureCube.uasset" 376
"../../../Engine/Content/EngineResources/GradientTexture0.uasset" 377
"../../../Engine/Content/EngineSounds/Master.uasset" 378
"../../../Engine/Content/Functions/Engine_MaterialFunctions01/Shading/ConvertFromDiffSpec.uasset" 379
"../../../Engine/Content/Functions/Engine_MaterialFunctions01/Shading/PowerToRoughness.uasset" 380
"../../../Engine/Content/Maps/Templates/Thumbnails/Default.uasset" 381
"../../../Engine/Content/Maps/Templates/Thumbnails/VR-Basic.uasset" 382
"../../../Engine/Content/MobileResources/T_MobileControls_texture.uasset" 383
"../../../Engine/Content/MobileResources/T_MobileMenu2.uasset" 384
"../../../Engine/Content/MobileResources/HUD/AnalogHat.uasset" 385
"../../../Engine/Content/MobileResources/HUD/VirtualJoystick_Background.uasset" 386
"../../../Engine/Content/MobileResources/HUD/VirtualJoystick_Thumb.uasset" 387
"../../../Engine/Content/MobileResources/HUD/DefaultVirtualJoysticks.uasset" 388
"../../../Engine/Content/MobileResources/HUD/LeftVirtualJoystickOnly.uasset" 389
"../../../Engine/Content/MobileResources/HUD/MobileHUDButton1_off.uasset" 390
"../../../Engine/Content/MobileResources/HUD/MobileHUDButton1_on.uasset" 391
"../../../Engine/Content/MobileResources/HUD/MobileHUDButton2_off.uasset" 392
"../../../Engine/Content/MobileResources/HUD/MobileHUDButton2_on.uasset" 393
"../../../Engine/Content/MobileResources/HUD/MobileHUDButton3.uasset" 394
"../../../Engine/Content/MobileResources/HUD/MobileHUDButtonFire.uasset" 395
"../../../Engine/Content/MobileResources/HUD/MobileHUDDirectionPad.uasset" 396
"../../../Engine/Content/MobileResources/HUD/MobileHUDDirectionPad2.uasset" 397
"../../../Engine/Content/MobileResources/HUD/MobileHUDDirectionPad3.uasset" 398
"../../../Engine/Content/MobileResources/HUD/MobileHUDDirectionStick.uasset" 399
"../../../Engine/Content/MobileResources/HUD/T_Castle_ThumbstickInner.uasset" 400
"../../../Engine/Content/MobileResources/HUD/T_Castle_ThumbstickOutter.uasset" 401
"../../../Engine/Content/Tutorial/ContentIntroCurve.uasset" 402
"../../../Engine/Content/Tutorial/Basics/TutorialAssets/icon_tab_Levels_40x.uasset" 403
"../../../Engine/Content/Tutorial/BlueprintTutorials/TutorialAssets/BlueprintInterface_64x.uasset" 404
"../../../Engine/Content/Tutorial/BlueprintTutorials/TutorialAssets/BlueprintMacroLibrary_64x.uasset" 405
"../../../Engine/Content/Tutorial/BlueprintTutorials/TutorialAssets/Blueprint_64x.uasset" 406
"../../../Engine/Content/Tutorial/BlueprintTutorials/TutorialAssets/Tutorial_BP_Interface.uasset" 407
"../../../Engine/Content/Tutorial/Foliage/TutorialAssets/Foliage.uasset" 408
"../../../Engine/Content/Tutorial/Landscape/TutorialAssets/Landscape.uasset" 409
"../../../Engine/Content/Tutorial/Mobile/TutorialAssets/android_Icon.uasset" 410
"../../../Engine/Content/Tutorial/Paper2D/TutorialAssets/Paper2DFlipbook_TutorialIcon.uasset" 411
"../../../Engine/Content/Tutorial/Paper2D/TutorialAssets/Paper2DSprite_TutorialIcon.uasset" 412
"../../../Engine/Content/Tutorial/SubEditors/TutorialAssets/icon_Editor_Preferences_General_40x.uasset" 413
"../../../Engine/Content/Tutorial/SubEditors/TutorialAssets/icon_ShowSkeletalMeshes_40x.uasset" 414
"../../../Engine/Content/Tutorial/SubEditors/TutorialAssets/TutorialMaterial.uasset" 415
"../../../Engine/Content/Tutorial/SubEditors/TutorialAssets/T_SmokeSubUV_8X8.uasset" 416
"../../../Engine/Content/Tutorial/SubEditors/TutorialAssets/T_soft_smoke.uasset" 417
"../../../Engine/Content/Tutorial/SubEditors/TutorialAssets/M_smoke_subUV_blackbody.uasset" 418
"../../../Engine/Content/Tutorial/SubEditors/TutorialAssets/TutorialParticleSystem.uasset" 419
"../../../Engine/Content/EditorMeshes/EditorCube.uasset" 420
"../../../Engine/Content/Tutorial/SubEditors/TutorialAssets/Tutorial_DM.uasset" 421
"../../../Engine/Content/VREditor/Devices/Generic/GenericHMDMaterial.uasset" 422
"../../../Engine/Content/VREditor/Devices/Generic/GenericHMD.uasset" 423
"../../../Engine/Content/VREditor/FloatingText/LineMaterial.uasset" 424
"../../../Engine/Content/VREditor/FloatingText/JointSphere.uasset" 425
"../../../Engine/Content/VREditor/FloatingText/LineSegmentCylinder.uasset" 426
"../../../Engine/Content/VREditor/Fonts/VRText_RobotoLarge.uasset" 427
"../../../Engine/Content/VREditor/Fonts/VRTextMaterial.uasset" 428
"../../../Engine/Content/VREditor/Fonts/TranslucentVRTextMaterial.uasset" 429
"../../../Engine/Content/VREditor/LaserPointer/CursorPointer.uasset" 430
"../../../Engine/Content/VREditor/LaserPointer/VR_LaserPower_01.uasset" 431
"../../../Engine/Content/VREditor/TransformGizmo/TransformGizmoMaterial.uasset" 432
"../../../Engine/Content/VREditor/LaserPointer/HoverMaterial.uasset" 433
"../../../Engine/Content/VREditor/TransformGizmo/TranslucentTransformGizmoMaterial.uasset" 434
"../../../Engine/Content/VREditor/LaserPointer/TranslucentHoverMaterial.uasset" 435
"../../../Engine/Content/VREditor/LaserPointer/HoverMesh.uasset" 436
"../../../Engine/Content/VREditor/LaserPointer/LaserPointerMaterial.uasset" 437
"../../../Engine/Content/VREditor/LaserPointer/LaserPointerMaterialInst.uasset" 438
"../../../Engine/Content/VREditor/LaserPointer/TranslucentLaserPointerMaterialInst.uasset" 439
"../../../Engine/Content/VREditor/LaserPointer/LaserPointerMesh.uasset" 440
"../../../Engine/Content/VREditor/LaserPointer/LaserPointerMesh_End.uasset" 441
"../../../Engine/Content/VREditor/LaserPointer/LaserPointerMesh_Start.uasset" 442
"../../../Engine/Content/Functions/Engine_MaterialFunctions02/Utility/BreakOutFloat3Components.uasset" 443
"../../../Engine/Content/Functions/Engine_MaterialFunctions02/Math/Transform3x3Matrix.uasset" 444
"../../../Engine/Content/Functions/Engine_MaterialFunctions02/Utility/MakeFloat3.uasset" 445
"../../../Engine/Content/VREditor/SnapGrid/SnapGridMaterial.uasset" 446
"../../../Engine/Content/VREditor/SnapGrid/SnapGridPlaneMesh.uasset" 447
"../../../Engine/Content/VREditor/Sounds/VR_teleport.uasset" 448
"../../../Engine/Content/VREditor/Sounds/UI/Click_on_Button_Cue.uasset" 449
"../../../Engine/Content/VREditor/Sounds/UI/Dockable_Window_Close.uasset" 450
"../../../Engine/Content/VREditor/Sounds/UI/Dockable_Window_Drop.uasset" 451
"../../../Engine/Content/VREditor/Sounds/UI/Dockable_Window_Open.uasset" 452
"../../../Engine/Content/VREditor/Sounds/UI/Dockable_Window_Pick_Up.uasset" 453
"../../../Engine/Content/VREditor/Sounds/UI/Drop_Item_From_ContentBrowser.uasset" 454
"../../../Engine/Content/VREditor/Sounds/UI/Floating_UI_Open-001.uasset" 455
"../../../Engine/Content/VREditor/Sounds/UI/Gizmo_Handle_Clicked.uasset" 456
"../../../Engine/Content/VREditor/Sounds/UI/Object_PickUp.uasset" 457
"../../../Engine/Content/VREditor/Sounds/UI/Object_Snaps_To_Another_Actor.uasset" 458
"../../../Engine/Content/VREditor/Sounds/UI/Object_Snaps_To_Grid.uasset" 459
"../../../Engine/Content/VREditor/Sounds/UI/Radial_Menu_FadeOut.uasset" 460
"../../../Engine/Content/VREditor/Sounds/UI/Scaling_Down.uasset" 461
"../../../Engine/Content/VREditor/Sounds/UI/Scaling_Up.uasset" 462
"../../../Engine/Content/VREditor/Sounds/UI/Selection_Changes.uasset" 463
"../../../Engine/Content/VREditor/Sounds/UI/Teleport_Mode_Entered.uasset" 464
"../../../Engine/Content/VREditor/Teleport/TeleportDirectionMaterial.uasset" 465
"../../../Engine/Content/VREditor/Teleport/TeleportDirectionMaterial_Inst.uasset" 466
"../../../Engine/Content/VREditor/Teleport/TeleportDirectionMesh.uasset" 467
"../../../Engine/Content/VREditor/TransformGizmo/BoundingBoxCorner.uasset" 468
"../../../Engine/Content/VREditor/TransformGizmo/BoundingBoxEdge.uasset" 469
"../../../Engine/Content/VREditor/TransformGizmo/PlaneTranslationHandle.uasset" 470
"../../../Engine/Content/VREditor/TransformGizmo/RotationHandleFull.uasset" 471
"../../../Engine/Content/VREditor/TransformGizmo/RotationHandleIndicator.uasset" 472
"../../../Engine/Content/VREditor/TransformGizmo/RotationHandleQuarter.uasset" 473
"../../../Engine/Content/VREditor/TransformGizmo/Main.uasset" 474
"../../../Engine/Content/VREditor/TransformGizmo/Xray.uasset" 475
"../../../Engine/Content/VREditor/TransformGizmo/SM_Dialog_Close.uasset" 476
"../../../Engine/Content/VREditor/TransformGizmo/SM_Dialog_Move.uasset" 477
"../../../Engine/Content/VREditor/TransformGizmo/SM_Sequencer_Key.uasset" 478
"../../../Engine/Content/VREditor/TransformGizmo/StartRotationHandleIndicator.uasset" 479
"../../../Engine/Content/VREditor/TransformGizmo/TranslucentTransformGizmoMaterial_Inst.uasset" 480
"../../../Engine/Content/VREditor/TransformGizmo/TransformGizmoFreeRotation.uasset" 481
"../../../Engine/Content/VREditor/TransformGizmo/TransformGizmoMaterial_Inst.uasset" 482
"../../../Engine/Content/VREditor/TransformGizmo/TranslateArrowHandle.uasset" 483
"../../../Engine/Content/VREditor/TransformGizmo/UniformScaleHandle.uasset" 484
"../../../Engine/Content/VREditor/UI/KeyDiskMaterial.uasset" 485
"../../../Engine/Content/VREditor/UI/DiscMaterial.uasset" 486
"../../../Engine/Content/VREditor/UI/SM_Radial_Disk.uasset" 487
"../../../Engine/Content/Functions/Engine_MaterialFunctions01/Gradient/RadialGradient.uasset" 488
"../../../Engine/Content/VREditor/WorldMovementGrid/SimpleGrid.uasset" 489
"../../../Engine/Content/VREditor/WorldMovementGrid/GridMaterial.uasset" 490
"../../../Engine/Content/Functions/Engine_MaterialFunctions01/Density/ExponentialDensity.uasset" 491
"../../../Engine/Content/VREditor/WorldMovementGrid/GridPostProcess.uasset" 492
"../../../Engine/Content/EditorLandscapeResources/FlattenHeightMat.uasset" 493
"../../../Engine/Content/VREditor/WorldMovementGrid/PlaneMesh.uasset" 494
"../../../Engine/Plugins/2D/Paper2D/Content/PlaceholderTextures/DummySpriteTexture.uasset" 495
"../../../Engine/Plugins/2D/Paper2D/Content/DummySprite.uasset" 496
"../../../Engine/Plugins/2D/Paper2D/Content/DefaultPaperTerrainMaterial.uasset" 497
"../../../Engine/Plugins/2D/Paper2D/Content/DefaultSpriteMaterial.uasset" 498
"../../../Engine/Plugins/2D/Paper2D/Content/MaskedUnlitSpriteMaterial.uasset" 499
"../../../Engine/Plugins/2D/Paper2D/Content/OpaqueUnlitSpriteMaterial.uasset" 500
"../../../Engine/Plugins/Runtime/Oculus/OculusVR/Content/Textures/GearVRController_AO.uasset" 501
"../../../Engine/Plugins/Runtime/Oculus/OculusVR/Content/Textures/GearVRController_Color.uasset" 502
"../../../Engine/Plugins/Runtime/Oculus/OculusVR/Content/Textures/GearVRController_Normal.uasset" 503
"../../../Engine/Plugins/Runtime/Oculus/OculusVR/Content/Materials/GearVRControllerMaterial.uasset" 504
"../../../Engine/Plugins/Runtime/Oculus/OculusVR/Content/Meshes/GearVrController.uasset" 505
"../../../Engine/Content/EngineSky/C_Sky_Cloud_Color.uasset" 506
"../../../Engine/Content/EngineSky/C_Sky_Horizon_Color.uasset" 507
"../../../Engine/Content/EngineSky/C_Sky_Zenith_Color.uasset" 508
"../../../Engine/Content/EngineSky/T_Sky_Blue.uasset" 509
"../../../Engine/Content/EngineSky/T_Sky_Clouds_M.uasset" 510
"../../../Engine/Content/EngineSky/T_Sky_Stars.uasset" 511
"../../../Engine/Content/EngineSky/M_Sky_Panning_Clouds2.uasset" 512
"../../../Engine/Content/EngineSky/SM_SkySphere.uasset" 513
"../../../Engine/Content/EngineSky/BP_Sky_Sphere.uasset" 514
"../../../LifeOfMercenary/Content/Characters/Mercenary/Animation/Anim_LAttackEnd.uasset" 515
"../../../LifeOfMercenary/Content/Characters/Mercenary/Animation/AM_LAttackEnd.uasset" 516
"../../../LifeOfMercenary/Content/Characters/Mercenary/Animation/Anim_RAttackEnd.uasset" 517
"../../../LifeOfMercenary/Content/Characters/Mercenary/Animation/AM_RAttackEnd.uasset" 518
"../../../LifeOfMercenary/Content/Characters/Mercenary/Animation/Anim_Block.uasset" 519
"../../../LifeOfMercenary/Content/Characters/Mercenary/Animation/Idle_Eqip_02.uasset" 520
"../../../LifeOfMercenary/Content/Characters/Mercenary/Animation/Walk_Eqip_Back.uasset" 521
"../../../LifeOfMercenary/Content/Characters/Mercenary/Animation/Walk_Eqip_Back_Left.uasset" 522
"../../../LifeOfMercenary/Content/Characters/Mercenary/Animation/Walk_Eqip_Back_Right.uasset" 523
"../../../LifeOfMercenary/Content/Characters/Mercenary/Animation/Walk_Eqip_Front.uasset" 524
"../../../LifeOfMercenary/Content/Characters/Mercenary/Animation/Walk_Eqip_Front_Left.uasset" 525
"../../../LifeOfMercenary/Content/Characters/Mercenary/Animation/Walk_Eqip_Front_Right.uasset" 526
"../../../LifeOfMercenary/Content/Characters/Mercenary/Animation/Walk_Eqip_Left.uasset" 527
"../../../LifeOfMercenary/Content/Characters/Mercenary/Animation/Walk_Eqip_Right.uasset" 528
"../../../LifeOfMercenary/Content/Characters/Mercenary/Animation/Anim_Walk_Eqip.uasset" 529
"../../../LifeOfMercenary/Content/Characters/Mercenary/Animation/Anim_Idle_Eqip_01.uasset" 530
"../../../LifeOfMercenary/Content/Characters/Mercenary/Animation/Anim_Run_Eqip.uasset" 531
"../../../LifeOfMercenary/Content/Characters/Mercenary/Animation/Anim_Walk_Eqip_Front.uasset" 532
"../../../LifeOfMercenary/Content/Characters/Mercenary/Animation/BS_Idle_Eqip.uasset" 533
"../../../LifeOfMercenary/Content/Characters/Mercenary/Animation/ABP_BattleMercenary.uasset" 534
"../../../LifeOfMercenary/Content/Characters/Mercenary/Animation/Anim_Rolling.uasset" 535
"../../../LifeOfMercenary/Content/Characters/Mercenary/Animation/AM_Rolling.uasset" 536
"../../../LifeOfMercenary/Content/Characters/Mercenary/BP_BattleMercenaryCharacter.uasset" 537
"../../../LifeOfMercenary/Content/GameMode/BP_BattleScenePlayerController.uasset" 538
"../../../LifeOfMercenary/Content/GameMode/BP_BattleSceneGameMode.uasset" 539
"../../../LifeOfMercenary/Content/Maps/BattleScene_BuiltData.uasset" 540
"../../../Engine/Content/MapTemplates/SM_Template_Map_Floor.uasset" 541
"../../../LifeOfMercenary/Content/Maps/BattleScene.umap" 542
"../../../LifeOfMercenary/Content/Resources/UI/RenderTarget/RT_Character.uasset" 543
"../../../LifeOfMercenary/Content/Blueprints/MainScene/BP_CharacterRenderTarget.uasset" 544
"../../../LifeOfMercenary/Content/Enums/E_PlayerInformationType.uasset" 545
"../../../LifeOfMercenary/Content/Resources/UI/Textures/T_InventoryIcon.uasset" 546
"../../../LifeOfMercenary/Content/Resources/UI/Textures/T_MapIcon.uasset" 547
"../../../LifeOfMercenary/Content/Resources/UI/Textures/T_PlayerIcon.uasset" 548
"../../../LifeOfMercenary/Content/Resources/UI/Textures/T_QuestIcon.uasset" 549
"../../../LifeOfMercenary/Content/UI/UI_PlayerInfoChoice.uasset" 550
"../../../LifeOfMercenary/Content/UI/UI_PI_Status.uasset" 551
"../../../LifeOfMercenary/Content/Resources/UI/Material/M_3DCharacterWidget.uasset" 552
"../../../LifeOfMercenary/Content/Resources/UI/Textures/T_EmptyBottoms.uasset" 553
"../../../LifeOfMercenary/Content/Resources/UI/Textures/T_EmptyFeet.uasset" 554
"../../../LifeOfMercenary/Content/Resources/UI/Textures/T_EmptyHand.uasset" 555
"../../../LifeOfMercenary/Content/Resources/UI/Textures/T_EmptyHead.uasset" 556
"../../../LifeOfMercenary/Content/Resources/UI/Textures/T_EmptyShield.uasset" 557
"../../../LifeOfMercenary/Content/Resources/UI/Textures/T_EmptySword.uasset" 558
"../../../LifeOfMercenary/Content/Resources/UI/Textures/T_NotSlotChoice.uasset" 559
"../../../LifeOfMercenary/Content/Resources/UI/Textures/T_EmptyArmor.uasset" 560
"../../../LifeOfMercenary/Content/Resources/UI/Textures/T_SlotChoice.uasset" 561
"../../../LifeOfMercenary/Content/UI/UI_InventorySlot.uasset" 562
"../../../LifeOfMercenary/Content/UI/UI_InventoryEquipment.uasset" 563
"../../../LifeOfMercenary/Content/UI/UI_ItemInformation.uasset" 564
"../../../LifeOfMercenary/Content/UI/UI_Inventory.uasset" 565
"../../../LifeOfMercenary/Content/Resources/UI/Textures/T_StoreCategory_All.uasset" 566
"../../../LifeOfMercenary/Content/Resources/UI/Textures/T_StoreCategory_Armor.uasset" 567
"../../../LifeOfMercenary/Content/Resources/UI/Textures/T_StoreCategory_Weapon.uasset" 568
"../../../LifeOfMercenary/Content/UI/UI_InventoryCategory.uasset" 569
"../../../LifeOfMercenary/Content/UI/UI_PI_Inventory.uasset" 570
"../../../LifeOfMercenary/Content/UI/UI_QuestButton.uasset" 571
"../../../LifeOfMercenary/Content/UI/UI_QuestMenu.uasset" 572
"../../../LifeOfMercenary/Content/UI/UI_PlayerInformation.uasset" 573
"../../../LifeOfMercenary/Content/Blueprints/MainScene/BP_MainSceneMercenary.uasset" 574
"../../../LifeOfMercenary/Content/Characters/Mercenary/Materials/M_Body2.uasset" 575
"../../../LifeOfMercenary/Content/Characters/Mercenary/SkeletalMeshes/body_full.uasset" 576
"../../../LifeOfMercenary/Content/UI/UI_Talk.uasset" 577
"../../../LifeOfMercenary/Content/Resources/UI/Textures/T_StoreSwitch_Bar.uasset" 578
"../../../LifeOfMercenary/Content/Resources/UI/Textures/T_StoreSwitch_Button2.uasset" 579
"../../../LifeOfMercenary/Content/UI/UI_Switch.uasset" 580
"../../../LifeOfMercenary/Content/UI/UI_Store.uasset" 581
"../../../LifeOfMercenary/Content/Blueprints/MainScene/BP_MainSceneOwner.uasset" 582
"../../../LifeOfMercenary/Content/UI/UI_MainSceneButton.uasset" 583
"../../../LifeOfMercenary/Content/UI/UI_MainSceneStatus.uasset" 584
"../../../LifeOfMercenary/Content/UI/UI_MainScene.uasset" 585
"../../../LifeOfMercenary/Content/GameMode/BP_MainscenePlayerController.uasset" 586
"../../../LifeOfMercenary/Content/GameMode/BP_MainsceneGameMode.uasset" 587
"../../../LifeOfMercenary/Content/Maps/MainScene_BuiltData.uasset" 588
"../../../LifeOfMercenary/Content/Maps/MainScene.umap" 589
"../../../LifeOfMercenary/Content/Blueprints/MapScene/MT_Half.uasset" 590
"../../../LifeOfMercenary/Content/Blueprints/MapScene/Sphere.uasset" 591
"../../../LifeOfMercenary/Content/UI/UI_MapPointButton.uasset" 592
"../../../LifeOfMercenary/Content/UI/UI_MapPoint.uasset" 593
"../../../LifeOfMercenary/Content/Blueprints/MapScene/BP_MapPoint.uasset" 594
"../../../LifeOfMercenary/Content/GameMode/BP_MapScenePlayerController.uasset" 595
"../../../LifeOfMercenary/Content/Blueprints/MapScene/BP_MapCharacter.uasset" 596
"../../../LifeOfMercenary/Content/Blueprints/MapScene/Cylinder.uasset" 597
"../../../LifeOfMercenary/Content/Blueprints/MapScene/BP_MapRouteSpline.uasset" 598
"../../../LifeOfMercenary/Content/Blueprints/MapScene/BP_MapCamera.uasset" 599
"../../../LifeOfMercenary/Content/GameMode/BP_MapSceneGameMode.uasset" 600
"../../../LifeOfMercenary/Content/Maps/MapScene_BuiltData.uasset" 601
"../../../Engine/Content/EngineMaterials/DefaultPhysicalMaterial.uasset" 602
"../../../LifeOfMercenary/Content/Maps/MapScene.umap" 603
"../../../LifeOfMercenary/Content/DynamicSwordAnimset/Animations/InPlace/Attack_01.uasset" 604
"../../../LifeOfMercenary/Content/DynamicSwordAnimset/Animations/InPlace/Attack_02.uasset" 605
"../../../LifeOfMercenary/Content/DynamicSwordAnimset/Animations/InPlace/Attack_04.uasset" 606
"../../../LifeOfMercenary/Content/DynamicSwordAnimset/Animations/InPlace/Attack_05.uasset" 607
"../../../LifeOfMercenary/Content/DynamicSwordAnimset/Animations/InPlace/Attack_06.uasset" 608
"../../../LifeOfMercenary/Content/DynamicSwordAnimset/Animations/InPlace/Attack_07.uasset" 609
"../../../LifeOfMercenary/Content/DynamicSwordAnimset/Animations/InPlace/Attack_08.uasset" 610
"../../../LifeOfMercenary/Content/DynamicSwordAnimset/Animations/InPlace/Attack_10.uasset" 611
"../../../LifeOfMercenary/Content/DynamicSwordAnimset/Animations/InPlace/Attack_11.uasset" 612
"../../../LifeOfMercenary/Content/DynamicSwordAnimset/Animations/InPlace/Attack_12.uasset" 613
"../../../LifeOfMercenary/Content/DynamicSwordAnimset/Animations/InPlace/Attack_13.uasset" 614
"../../../LifeOfMercenary/Content/DynamicSwordAnimset/Animations/InPlace/Attack_14.uasset" 615
"../../../LifeOfMercenary/Content/DynamicSwordAnimset/Animations/InPlace/Attack_15.uasset" 616
"../../../LifeOfMercenary/Content/DynamicSwordAnimset/Animations/InPlace/Attack_17.uasset" 617
"../../../LifeOfMercenary/Content/DynamicSwordAnimset/Animations/InPlace/Attack_18.uasset" 618
"../../../LifeOfMercenary/Content/DynamicSwordAnimset/Animations/InPlace/Attack_Eqip_01.uasset" 619
"../../../LifeOfMercenary/Content/DynamicSwordAnimset/Animations/InPlace/Attack_Eqip_02.uasset" 620
"../../../LifeOfMercenary/Content/DynamicSwordAnimset/Animations/InPlace/Block.uasset" 621
"../../../LifeOfMercenary/Content/DynamicSwordAnimset/Animations/InPlace/Combo_01.uasset" 622
"../../../LifeOfMercenary/Content/DynamicSwordAnimset/Animations/InPlace/Combo_02.uasset" 623
"../../../LifeOfMercenary/Content/DynamicSwordAnimset/Animations/InPlace/Dash.uasset" 624
"../../../LifeOfMercenary/Content/DynamicSwordAnimset/Animations/InPlace/Eqip_To_Uneqip.uasset" 625
"../../../Engine/Content/Functions/Engine_MaterialFunctions02/Utility/BlendAngleCorrectedNormals.uasset" 626
"../../../Engine/Content/Functions/MaterialLayerFunctions/MatLayerBlend_AO.uasset" 627
"../../../Engine/Content/Functions/MaterialLayerFunctions/MatLayerBlend_NormalBlend.uasset" 628
"../../../Engine/Content/Functions/MaterialLayerFunctions/MatLayerBlend_Simple.uasset" 629
"../../../LifeOfMercenary/Content/DynamicSwordAnimset/Character/Materials/MaterialLayers/T_ML_Aluminum01.uasset" 630
"../../../LifeOfMercenary/Content/DynamicSwordAnimset/Character/Materials/MaterialLayers/T_ML_Aluminum01_N.uasset" 631
"../../../LifeOfMercenary/Content/DynamicSwordAnimset/Character/Materials/MaterialLayers/ML_GlossyBlack_Latex_UE4.uasset" 632
"../../../LifeOfMercenary/Content/DynamicSwordAnimset/Character/Materials/MaterialLayers/ML_Plastic_Shiny_Beige.uasset" 633
"../../../LifeOfMercenary/Content/DynamicSwordAnimset/Character/Textures/UE4_LOGO_CARD.uasset" 634
"../../../LifeOfMercenary/Content/DynamicSwordAnimset/Character/Materials/MaterialLayers/ML_Plastic_Shiny_Beige_LOGO.uasset" 635
"../../../LifeOfMercenary/Content/DynamicSwordAnimset/Character/Materials/MaterialLayers/T_ML_Rubber_Blue_01_N.uasset" 636
"../../../LifeOfMercenary/Content/DynamicSwordAnimset/Character/Materials/MaterialLayers/ML_SoftMetal_UE4.uasset" 637
"../../../LifeOfMercenary/Content/DynamicSwordAnimset/Character/Textures/UE4_Mannequin__normals.uasset" 638
"../../../LifeOfMercenary/Content/DynamicSwordAnimset/Character/Textures/UE4_Mannequin_MAT_MASKA.uasset" 639
"../../../LifeOfMercenary/Content/DynamicSwordAnimset/Character/Textures/UE4_Mannequin_occlusion.uasset" 640
"../../../LifeOfMercenary/Content/DynamicSwordAnimset/Character/Materials/M_UE4Man_Body.uasset" 641
"../../../LifeOfMercenary/Content/DynamicSwordAnimset/Character/Textures/UE4Man_Logo_N.uasset" 642
"../../../LifeOfMercenary/Content/DynamicSwordAnimset/Character/Materials/M_UE4Man_ChestLogo.uasset" 643
"../../../LifeOfMercenary/Content/DynamicSwordAnimset/Character/SK_Mannequin_PhysicsAsset.uasset" 644
"../../../LifeOfMercenary/Content/DynamicSwordAnimset/Character/SK_Mannequin.uasset" 645
"../../../LifeOfMercenary/Content/DynamicSwordAnimset/Weapon/Shield_PhysicsAsset.uasset" 646
"../../../LifeOfMercenary/Content/DynamicSwordAnimset/Weapon/Shield_Skeleton.uasset" 647
"../../../LifeOfMercenary/Content/DynamicSwordAnimset/Weapon/Shield.uasset" 648
"../../../LifeOfMercenary/Content/DynamicSwordAnimset/Weapon/Sword_PhysicsAsset.uasset" 649
"../../../LifeOfMercenary/Content/DynamicSwordAnimset/Weapon/Sword_Skeleton.uasset" 650
"../../../LifeOfMercenary/Content/DynamicSwordAnimset/Weapon/Sword.uasset" 651
"../../../LifeOfMercenary/Content/DynamicSwordAnimset/OverView.umap" 652
"../../../Engine/Content/Maps/Entry.umap" 653
